#
# There is insufficient memory for the Java Runtime Environment to continue.
# Native memory allocation (mmap) failed to map 65536 bytes for Failed to commit metaspace.
# Possible reasons:
#   The system is out of physical RAM or swap space
#   The process is running with CompressedOops enabled, and the Java Heap may be blocking the growth of the native heap
# Possible solutions:
#   Reduce memory load on the system
#   Increase physical memory or swap space
#   Check if swap backing store is full
#   Decrease Java heap size (-Xmx/-Xms)
#   Decrease number of Java threads
#   Decrease Java thread stack sizes (-Xss)
#   Set larger code cache with -XX:ReservedCodeCacheSize=
#   JVM is running with Zero Based Compressed Oops mode in which the Java heap is
#     placed in the first 32GB address space. The Java Heap base address is the
#     maximum limit for the native heap growth. Please use -XX:HeapBaseMinAddress
#     to set the Java Heap base and to place the Java Heap above 32GB virtual address.
# This output file may be truncated or incomplete.
#
#  Out of Memory Error (virtualSpaceNode.cpp:110), pid=21536, tid=8256
#
# JRE version: Java(TM) SE Runtime Environment (20.0.2+9) (build 20.0.2+9-78)
# Java VM: Java HotSpot(TM) 64-Bit Server VM (20.0.2+9-78, mixed mode, sharing, tiered, compressed oops, compressed class ptrs, g1 gc, windows-amd64)
# No core dump will be written. Minidumps are not enabled by default on client versions of Windows
#

---------------  S U M M A R Y ------------

Command Line: -Dclassworlds.conf=C:\Program Files\apache-maven- 3.9.9-bin\apache-maven-3.9.9\bin\m2.conf -Dmaven.home=C:\Program Files\apache-maven- 3.9.9-bin\apache-maven-3.9.9 -Dlibrary.jansi.path=C:\Program Files\apache-maven- 3.9.9-bin\apache-maven-3.9.9\lib\jansi-native -Dmaven.multiModuleProjectDirectory=C:\Users\DELL\Downloads\asset-management\asset-management org.codehaus.plexus.classworlds.launcher.Launcher clean package

Host: Intel(R) Core(TM) i5-10500H CPU @ 2.50GHz, 12 cores, 15G,  Windows 11 , 64 bit Build 26100 (10.0.26100.8521)
Time: Sun Jun 21 13:29:46 2026 India Standard Time elapsed time: 0.276356 seconds (0d 0h 0m 0s)

---------------  T H R E A D  ---------------

Current thread (0x0000028390435580):  JavaThread "C1 CompilerThread0" daemon [_thread_in_vm, id=8256, stack(0x000000c0ad000000,0x000000c0ad100000)]


Current CompileTask:
C1:    276  299       3       jdk.internal.org.objectweb.asm.SymbolTable::get (13 bytes)

Stack: [0x000000c0ad000000,0x000000c0ad100000]
Native frames: (J=compiled Java code, j=interpreted, Vv=VM code, C=native code)
V  [jvm.dll+0x6bc25a]
V  [jvm.dll+0x84971a]
V  [jvm.dll+0x84b315]
V  [jvm.dll+0x84ba13]
V  [jvm.dll+0x280e4f]
V  [jvm.dll+0x84565b]
V  [jvm.dll+0x660616]
V  [jvm.dll+0x66067a]
V  [jvm.dll+0x662f53]
V  [jvm.dll+0x662e1e]
V  [jvm.dll+0x66102e]
V  [jvm.dll+0x67248a]
V  [jvm.dll+0x66b9b2]
V  [jvm.dll+0x1f9260]
V  [jvm.dll+0x1f9448]
V  [jvm.dll+0x1581de]
V  [jvm.dll+0x158514]
V  [jvm.dll+0x157956]
V  [jvm.dll+0x15968d]
V  [jvm.dll+0x25a0eb]
V  [jvm.dll+0x2587c0]
V  [jvm.dll+0x3f2dd5]
V  [jvm.dll+0x7f5c76]
V  [jvm.dll+0x6baecb]
C  [ucrtbase.dll+0x2cd30]
C  [KERNEL32.DLL+0x2e957]
C  [ntdll.dll+0x87c1c]


---------------  P R O C E S S  ---------------

Threads class SMR info:
_java_thread_list=0x00000283905b3040, length=11, elements={
0x000002832b9328a0, 0x000002839040ecb0, 0x0000028390413610, 0x0000028390414540,
0x0000028390415310, 0x0000028390415d80, 0x000002839041bd10, 0x0000028390424bf0,
0x0000028390435580, 0x00000283905a6ae0, 0x00000283905bf8e0
}

Java Threads: ( => current thread )
  0x000002832b9328a0 JavaThread "main" [_thread_in_vm, id=1268, stack(0x000000c0ac200000,0x000000c0ac300000)]
  0x000002839040ecb0 JavaThread "Reference Handler" daemon [_thread_blocked, id=28196, stack(0x000000c0ac900000,0x000000c0aca00000)]
  0x0000028390413610 JavaThread "Finalizer" daemon [_thread_blocked, id=17448, stack(0x000000c0aca00000,0x000000c0acb00000)]
  0x0000028390414540 JavaThread "Signal Dispatcher" daemon [_thread_blocked, id=6392, stack(0x000000c0acb00000,0x000000c0acc00000)]
  0x0000028390415310 JavaThread "Attach Listener" daemon [_thread_blocked, id=5432, stack(0x000000c0acc00000,0x000000c0acd00000)]
  0x0000028390415d80 JavaThread "Service Thread" daemon [_thread_blocked, id=24684, stack(0x000000c0acd00000,0x000000c0ace00000)]
  0x000002839041bd10 JavaThread "Monitor Deflation Thread" daemon [_thread_blocked, id=1240, stack(0x000000c0ace00000,0x000000c0acf00000)]
  0x0000028390424bf0 JavaThread "C2 CompilerThread0" daemon [_thread_blocked, id=29496, stack(0x000000c0acf00000,0x000000c0ad000000)]
=>0x0000028390435580 JavaThread "C1 CompilerThread0" daemon [_thread_in_vm, id=8256, stack(0x000000c0ad000000,0x000000c0ad100000)]
  0x00000283905a6ae0 JavaThread "Notification Thread" daemon [_thread_blocked, id=13728, stack(0x000000c0ad100000,0x000000c0ad200000)]
  0x00000283905bf8e0 JavaThread "Common-Cleaner" daemon [_thread_blocked, id=9548, stack(0x000000c0ad300000,0x000000c0ad400000)]

Other Threads:
  0x000002834883d830 VMThread "VM Thread" [stack: 0x000000c0ac800000,0x000000c0ac900000] [id=14844]
  0x00000283905b9060 WatcherThread "VM Periodic Task Thread" [stack: 0x000000c0ad200000,0x000000c0ad300000] [id=21176]
  0x000002832b9a5c60 WorkerThread "GC Thread#0" [stack: 0x000000c0ac300000,0x000000c0ac400000] [id=6136]
  0x000002832b9b2ad0 ConcurrentGCThread "G1 Main Marker" [stack: 0x000000c0ac400000,0x000000c0ac500000] [id=2832]
  0x000002832b9b3660 WorkerThread "G1 Conc#0" [stack: 0x000000c0ac500000,0x000000c0ac600000] [id=22412]
  0x00000283486fab40 ConcurrentGCThread "G1 Refine#0" [stack: 0x000000c0ac600000,0x000000c0ac700000] [id=22252]
  0x00000283486fb290 ConcurrentGCThread "G1 Service" [stack: 0x000000c0ac700000,0x000000c0ac800000] [id=18344]

Threads with active compile tasks:
C1 CompilerThread0      317  299       3       jdk.internal.org.objectweb.asm.SymbolTable::get (13 bytes)

VM state: not at safepoint (normal execution)

VM Mutex/Monitor currently owned by a thread:  ([mutex/lock_event])
[0x0000028329518790] Metaspace_lock - owner thread: 0x0000028390435580

Heap address: 0x0000000703800000, size: 4040 MB, Compressed Oops mode: Zero based, Oop shift amount: 3

CDS archive(s) mapped at: [0x000002834b400000-0x000002834c060000-0x000002834c060000), size 12976128, SharedBaseAddress: 0x000002834b400000, ArchiveRelocationMode: 1.
Compressed class space mapped at: 0x000002834c400000-0x000002838c400000, reserved size: 1073741824
Narrow klass base: 0x000002834b400000, Narrow klass shift: 0, Narrow klass range: 0x100000000

GC Precious Log:
 CardTable entry size: 512
 Card Set container configuration: InlinePtr #cards 4 size 8 Array Of Cards #cards 16 size 48 Howl #buckets 8 coarsen threshold 3686 Howl Bitmap #cards 512 size 80 coarsen threshold 460 Card regions per heap region 1 cards per card region 4096
 CPUs: 12 total, 12 available
 Memory: 16159M
 Large Page Support: Disabled
 NUMA Support: Disabled
 Compressed Oops: Enabled (Zero based)
 Heap Region Size: 2M
 Heap Min Capacity: 8M
 Heap Initial Capacity: 254M
 Heap Max Capacity: 4040M
 Pre-touch: Disabled
 Parallel Workers: 10
 Concurrent Workers: 3
 Concurrent Refinement Workers: 10
 Periodic GC: Disabled

Heap:
 garbage-first heap   total 260096K, used 4096K [0x0000000703800000, 0x0000000800000000)
  region size 2048K, 3 young (6144K), 0 survivors (0K)
 Metaspace       used 935K, committed 1024K, reserved 1114112K
  class space    used 72K, committed 128K, reserved 1048576K

Heap Regions: E=young(eden), S=young(survivor), O=old, HS=humongous(starts), HC=humongous(continues), CS=collection set, F=free, OA=open archive, CA=closed archive, TAMS=top-at-mark-start, PB=parsable bottom
|   0|0x0000000703800000, 0x0000000703800000, 0x0000000703a00000|  0%| F|  |TAMS 0x0000000703800000| PB 0x0000000703800000| Untracked 
|   1|0x0000000703a00000, 0x0000000703a00000, 0x0000000703c00000|  0%| F|  |TAMS 0x0000000703a00000| PB 0x0000000703a00000| Untracked 
|   2|0x0000000703c00000, 0x0000000703c00000, 0x0000000703e00000|  0%| F|  |TAMS 0x0000000703c00000| PB 0x0000000703c00000| Untracked 
|   3|0x0000000703e00000, 0x0000000703e00000, 0x0000000704000000|  0%| F|  |TAMS 0x0000000703e00000| PB 0x0000000703e00000| Untracked 
|   4|0x0000000704000000, 0x0000000704000000, 0x0000000704200000|  0%| F|  |TAMS 0x0000000704000000| PB 0x0000000704000000| Untracked 
|   5|0x0000000704200000, 0x0000000704200000, 0x0000000704400000|  0%| F|  |TAMS 0x0000000704200000| PB 0x0000000704200000| Untracked 
|   6|0x0000000704400000, 0x0000000704400000, 0x0000000704600000|  0%| F|  |TAMS 0x0000000704400000| PB 0x0000000704400000| Untracked 
|   7|0x0000000704600000, 0x0000000704600000, 0x0000000704800000|  0%| F|  |TAMS 0x0000000704600000| PB 0x0000000704600000| Untracked 
|   8|0x0000000704800000, 0x0000000704800000, 0x0000000704a00000|  0%| F|  |TAMS 0x0000000704800000| PB 0x0000000704800000| Untracked 
|   9|0x0000000704a00000, 0x0000000704a00000, 0x0000000704c00000|  0%| F|  |TAMS 0x0000000704a00000| PB 0x0000000704a00000| Untracked 
|  10|0x0000000704c00000, 0x0000000704c00000, 0x0000000704e00000|  0%| F|  |TAMS 0x0000000704c00000| PB 0x0000000704c00000| Untracked 
|  11|0x0000000704e00000, 0x0000000704e00000, 0x0000000705000000|  0%| F|  |TAMS 0x0000000704e00000| PB 0x0000000704e00000| Untracked 
|  12|0x0000000705000000, 0x0000000705000000, 0x0000000705200000|  0%| F|  |TAMS 0x0000000705000000| PB 0x0000000705000000| Untracked 
|  13|0x0000000705200000, 0x0000000705200000, 0x0000000705400000|  0%| F|  |TAMS 0x0000000705200000| PB 0x0000000705200000| Untracked 
|  14|0x0000000705400000, 0x0000000705400000, 0x0000000705600000|  0%| F|  |TAMS 0x0000000705400000| PB 0x0000000705400000| Untracked 
|  15|0x0000000705600000, 0x0000000705600000, 0x0000000705800000|  0%| F|  |TAMS 0x0000000705600000| PB 0x0000000705600000| Untracked 
|  16|0x0000000705800000, 0x0000000705800000, 0x0000000705a00000|  0%| F|  |TAMS 0x0000000705800000| PB 0x0000000705800000| Untracked 
|  17|0x0000000705a00000, 0x0000000705a00000, 0x0000000705c00000|  0%| F|  |TAMS 0x0000000705a00000| PB 0x0000000705a00000| Untracked 
|  18|0x0000000705c00000, 0x0000000705c00000, 0x0000000705e00000|  0%| F|  |TAMS 0x0000000705c00000| PB 0x0000000705c00000| Untracked 
|  19|0x0000000705e00000, 0x0000000705e00000, 0x0000000706000000|  0%| F|  |TAMS 0x0000000705e00000| PB 0x0000000705e00000| Untracked 
|  20|0x0000000706000000, 0x0000000706000000, 0x0000000706200000|  0%| F|  |TAMS 0x0000000706000000| PB 0x0000000706000000| Untracked 
|  21|0x0000000706200000, 0x0000000706200000, 0x0000000706400000|  0%| F|  |TAMS 0x0000000706200000| PB 0x0000000706200000| Untracked 
|  22|0x0000000706400000, 0x0000000706400000, 0x0000000706600000|  0%| F|  |TAMS 0x0000000706400000| PB 0x0000000706400000| Untracked 
|  23|0x0000000706600000, 0x0000000706600000, 0x0000000706800000|  0%| F|  |TAMS 0x0000000706600000| PB 0x0000000706600000| Untracked 
|  24|0x0000000706800000, 0x0000000706800000, 0x0000000706a00000|  0%| F|  |TAMS 0x0000000706800000| PB 0x0000000706800000| Untracked 
|  25|0x0000000706a00000, 0x0000000706a00000, 0x0000000706c00000|  0%| F|  |TAMS 0x0000000706a00000| PB 0x0000000706a00000| Untracked 
|  26|0x0000000706c00000, 0x0000000706c00000, 0x0000000706e00000|  0%| F|  |TAMS 0x0000000706c00000| PB 0x0000000706c00000| Untracked 
|  27|0x0000000706e00000, 0x0000000706e00000, 0x0000000707000000|  0%| F|  |TAMS 0x0000000706e00000| PB 0x0000000706e00000| Untracked 
|  28|0x0000000707000000, 0x0000000707000000, 0x0000000707200000|  0%| F|  |TAMS 0x0000000707000000| PB 0x0000000707000000| Untracked 
|  29|0x0000000707200000, 0x0000000707200000, 0x0000000707400000|  0%| F|  |TAMS 0x0000000707200000| PB 0x0000000707200000| Untracked 
|  30|0x0000000707400000, 0x0000000707400000, 0x0000000707600000|  0%| F|  |TAMS 0x0000000707400000| PB 0x0000000707400000| Untracked 
|  31|0x0000000707600000, 0x0000000707600000, 0x0000000707800000|  0%| F|  |TAMS 0x0000000707600000| PB 0x0000000707600000| Untracked 
|  32|0x0000000707800000, 0x0000000707800000, 0x0000000707a00000|  0%| F|  |TAMS 0x0000000707800000| PB 0x0000000707800000| Untracked 
|  33|0x0000000707a00000, 0x0000000707a00000, 0x0000000707c00000|  0%| F|  |TAMS 0x0000000707a00000| PB 0x0000000707a00000| Untracked 
|  34|0x0000000707c00000, 0x0000000707c00000, 0x0000000707e00000|  0%| F|  |TAMS 0x0000000707c00000| PB 0x0000000707c00000| Untracked 
|  35|0x0000000707e00000, 0x0000000707e00000, 0x0000000708000000|  0%| F|  |TAMS 0x0000000707e00000| PB 0x0000000707e00000| Untracked 
|  36|0x0000000708000000, 0x0000000708000000, 0x0000000708200000|  0%| F|  |TAMS 0x0000000708000000| PB 0x0000000708000000| Untracked 
|  37|0x0000000708200000, 0x0000000708200000, 0x0000000708400000|  0%| F|  |TAMS 0x0000000708200000| PB 0x0000000708200000| Untracked 
|  38|0x0000000708400000, 0x0000000708400000, 0x0000000708600000|  0%| F|  |TAMS 0x0000000708400000| PB 0x0000000708400000| Untracked 
|  39|0x0000000708600000, 0x0000000708600000, 0x0000000708800000|  0%| F|  |TAMS 0x0000000708600000| PB 0x0000000708600000| Untracked 
|  40|0x0000000708800000, 0x0000000708800000, 0x0000000708a00000|  0%| F|  |TAMS 0x0000000708800000| PB 0x0000000708800000| Untracked 
|  41|0x0000000708a00000, 0x0000000708a00000, 0x0000000708c00000|  0%| F|  |TAMS 0x0000000708a00000| PB 0x0000000708a00000| Untracked 
|  42|0x0000000708c00000, 0x0000000708c00000, 0x0000000708e00000|  0%| F|  |TAMS 0x0000000708c00000| PB 0x0000000708c00000| Untracked 
|  43|0x0000000708e00000, 0x0000000708e00000, 0x0000000709000000|  0%| F|  |TAMS 0x0000000708e00000| PB 0x0000000708e00000| Untracked 
|  44|0x0000000709000000, 0x0000000709000000, 0x0000000709200000|  0%| F|  |TAMS 0x0000000709000000| PB 0x0000000709000000| Untracked 
|  45|0x0000000709200000, 0x0000000709200000, 0x0000000709400000|  0%| F|  |TAMS 0x0000000709200000| PB 0x0000000709200000| Untracked 
|  46|0x0000000709400000, 0x0000000709400000, 0x0000000709600000|  0%| F|  |TAMS 0x0000000709400000| PB 0x0000000709400000| Untracked 
|  47|0x0000000709600000, 0x0000000709600000, 0x0000000709800000|  0%| F|  |TAMS 0x0000000709600000| PB 0x0000000709600000| Untracked 
|  48|0x0000000709800000, 0x0000000709800000, 0x0000000709a00000|  0%| F|  |TAMS 0x0000000709800000| PB 0x0000000709800000| Untracked 
|  49|0x0000000709a00000, 0x0000000709a00000, 0x0000000709c00000|  0%| F|  |TAMS 0x0000000709a00000| PB 0x0000000709a00000| Untracked 
|  50|0x0000000709c00000, 0x0000000709c00000, 0x0000000709e00000|  0%| F|  |TAMS 0x0000000709c00000| PB 0x0000000709c00000| Untracked 
|  51|0x0000000709e00000, 0x0000000709e00000, 0x000000070a000000|  0%| F|  |TAMS 0x0000000709e00000| PB 0x0000000709e00000| Untracked 
|  52|0x000000070a000000, 0x000000070a000000, 0x000000070a200000|  0%| F|  |TAMS 0x000000070a000000| PB 0x000000070a000000| Untracked 
|  53|0x000000070a200000, 0x000000070a200000, 0x000000070a400000|  0%| F|  |TAMS 0x000000070a200000| PB 0x000000070a200000| Untracked 
|  54|0x000000070a400000, 0x000000070a400000, 0x000000070a600000|  0%| F|  |TAMS 0x000000070a400000| PB 0x000000070a400000| Untracked 
|  55|0x000000070a600000, 0x000000070a600000, 0x000000070a800000|  0%| F|  |TAMS 0x000000070a600000| PB 0x000000070a600000| Untracked 
|  56|0x000000070a800000, 0x000000070a800000, 0x000000070aa00000|  0%| F|  |TAMS 0x000000070a800000| PB 0x000000070a800000| Untracked 
|  57|0x000000070aa00000, 0x000000070aa00000, 0x000000070ac00000|  0%| F|  |TAMS 0x000000070aa00000| PB 0x000000070aa00000| Untracked 
|  58|0x000000070ac00000, 0x000000070ac00000, 0x000000070ae00000|  0%| F|  |TAMS 0x000000070ac00000| PB 0x000000070ac00000| Untracked 
|  59|0x000000070ae00000, 0x000000070ae00000, 0x000000070b000000|  0%| F|  |TAMS 0x000000070ae00000| PB 0x000000070ae00000| Untracked 
|  60|0x000000070b000000, 0x000000070b000000, 0x000000070b200000|  0%| F|  |TAMS 0x000000070b000000| PB 0x000000070b000000| Untracked 
|  61|0x000000070b200000, 0x000000070b200000, 0x000000070b400000|  0%| F|  |TAMS 0x000000070b200000| PB 0x000000070b200000| Untracked 
|  62|0x000000070b400000, 0x000000070b400000, 0x000000070b600000|  0%| F|  |TAMS 0x000000070b400000| PB 0x000000070b400000| Untracked 
|  63|0x000000070b600000, 0x000000070b600000, 0x000000070b800000|  0%| F|  |TAMS 0x000000070b600000| PB 0x000000070b600000| Untracked 
|  64|0x000000070b800000, 0x000000070b800000, 0x000000070ba00000|  0%| F|  |TAMS 0x000000070b800000| PB 0x000000070b800000| Untracked 
|  65|0x000000070ba00000, 0x000000070ba00000, 0x000000070bc00000|  0%| F|  |TAMS 0x000000070ba00000| PB 0x000000070ba00000| Untracked 
|  66|0x000000070bc00000, 0x000000070bc00000, 0x000000070be00000|  0%| F|  |TAMS 0x000000070bc00000| PB 0x000000070bc00000| Untracked 
|  67|0x000000070be00000, 0x000000070be00000, 0x000000070c000000|  0%| F|  |TAMS 0x000000070be00000| PB 0x000000070be00000| Untracked 
|  68|0x000000070c000000, 0x000000070c000000, 0x000000070c200000|  0%| F|  |TAMS 0x000000070c000000| PB 0x000000070c000000| Untracked 
|  69|0x000000070c200000, 0x000000070c200000, 0x000000070c400000|  0%| F|  |TAMS 0x000000070c200000| PB 0x000000070c200000| Untracked 
|  70|0x000000070c400000, 0x000000070c400000, 0x000000070c600000|  0%| F|  |TAMS 0x000000070c400000| PB 0x000000070c400000| Untracked 
|  71|0x000000070c600000, 0x000000070c600000, 0x000000070c800000|  0%| F|  |TAMS 0x000000070c600000| PB 0x000000070c600000| Untracked 
|  72|0x000000070c800000, 0x000000070c800000, 0x000000070ca00000|  0%| F|  |TAMS 0x000000070c800000| PB 0x000000070c800000| Untracked 
|  73|0x000000070ca00000, 0x000000070ca00000, 0x000000070cc00000|  0%| F|  |TAMS 0x000000070ca00000| PB 0x000000070ca00000| Untracked 
|  74|0x000000070cc00000, 0x000000070cc00000, 0x000000070ce00000|  0%| F|  |TAMS 0x000000070cc00000| PB 0x000000070cc00000| Untracked 
|  75|0x000000070ce00000, 0x000000070ce00000, 0x000000070d000000|  0%| F|  |TAMS 0x000000070ce00000| PB 0x000000070ce00000| Untracked 
|  76|0x000000070d000000, 0x000000070d000000, 0x000000070d200000|  0%| F|  |TAMS 0x000000070d000000| PB 0x000000070d000000| Untracked 
|  77|0x000000070d200000, 0x000000070d200000, 0x000000070d400000|  0%| F|  |TAMS 0x000000070d200000| PB 0x000000070d200000| Untracked 
|  78|0x000000070d400000, 0x000000070d400000, 0x000000070d600000|  0%| F|  |TAMS 0x000000070d400000| PB 0x000000070d400000| Untracked 
|  79|0x000000070d600000, 0x000000070d600000, 0x000000070d800000|  0%| F|  |TAMS 0x000000070d600000| PB 0x000000070d600000| Untracked 
|  80|0x000000070d800000, 0x000000070d800000, 0x000000070da00000|  0%| F|  |TAMS 0x000000070d800000| PB 0x000000070d800000| Untracked 
|  81|0x000000070da00000, 0x000000070da00000, 0x000000070dc00000|  0%| F|  |TAMS 0x000000070da00000| PB 0x000000070da00000| Untracked 
|  82|0x000000070dc00000, 0x000000070dc00000, 0x000000070de00000|  0%| F|  |TAMS 0x000000070dc00000| PB 0x000000070dc00000| Untracked 
|  83|0x000000070de00000, 0x000000070de00000, 0x000000070e000000|  0%| F|  |TAMS 0x000000070de00000| PB 0x000000070de00000| Untracked 
|  84|0x000000070e000000, 0x000000070e000000, 0x000000070e200000|  0%| F|  |TAMS 0x000000070e000000| PB 0x000000070e000000| Untracked 
|  85|0x000000070e200000, 0x000000070e200000, 0x000000070e400000|  0%| F|  |TAMS 0x000000070e200000| PB 0x000000070e200000| Untracked 
|  86|0x000000070e400000, 0x000000070e400000, 0x000000070e600000|  0%| F|  |TAMS 0x000000070e400000| PB 0x000000070e400000| Untracked 
|  87|0x000000070e600000, 0x000000070e600000, 0x000000070e800000|  0%| F|  |TAMS 0x000000070e600000| PB 0x000000070e600000| Untracked 
|  88|0x000000070e800000, 0x000000070e800000, 0x000000070ea00000|  0%| F|  |TAMS 0x000000070e800000| PB 0x000000070e800000| Untracked 
|  89|0x000000070ea00000, 0x000000070ea00000, 0x000000070ec00000|  0%| F|  |TAMS 0x000000070ea00000| PB 0x000000070ea00000| Untracked 
|  90|0x000000070ec00000, 0x000000070ec00000, 0x000000070ee00000|  0%| F|  |TAMS 0x000000070ec00000| PB 0x000000070ec00000| Untracked 
|  91|0x000000070ee00000, 0x000000070ee00000, 0x000000070f000000|  0%| F|  |TAMS 0x000000070ee00000| PB 0x000000070ee00000| Untracked 
|  92|0x000000070f000000, 0x000000070f000000, 0x000000070f200000|  0%| F|  |TAMS 0x000000070f000000| PB 0x000000070f000000| Untracked 
|  93|0x000000070f200000, 0x000000070f200000, 0x000000070f400000|  0%| F|  |TAMS 0x000000070f200000| PB 0x000000070f200000| Untracked 
|  94|0x000000070f400000, 0x000000070f400000, 0x000000070f600000|  0%| F|  |TAMS 0x000000070f400000| PB 0x000000070f400000| Untracked 
|  95|0x000000070f600000, 0x000000070f600000, 0x000000070f800000|  0%| F|  |TAMS 0x000000070f600000| PB 0x000000070f600000| Untracked 
|  96|0x000000070f800000, 0x000000070f800000, 0x000000070fa00000|  0%| F|  |TAMS 0x000000070f800000| PB 0x000000070f800000| Untracked 
|  97|0x000000070fa00000, 0x000000070fa00000, 0x000000070fc00000|  0%| F|  |TAMS 0x000000070fa00000| PB 0x000000070fa00000| Untracked 
|  98|0x000000070fc00000, 0x000000070fc00000, 0x000000070fe00000|  0%| F|  |TAMS 0x000000070fc00000| PB 0x000000070fc00000| Untracked 
|  99|0x000000070fe00000, 0x000000070fe00000, 0x0000000710000000|  0%| F|  |TAMS 0x000000070fe00000| PB 0x000000070fe00000| Untracked 
| 100|0x0000000710000000, 0x0000000710000000, 0x0000000710200000|  0%| F|  |TAMS 0x0000000710000000| PB 0x0000000710000000| Untracked 
| 101|0x0000000710200000, 0x0000000710200000, 0x0000000710400000|  0%| F|  |TAMS 0x0000000710200000| PB 0x0000000710200000| Untracked 
| 102|0x0000000710400000, 0x0000000710400000, 0x0000000710600000|  0%| F|  |TAMS 0x0000000710400000| PB 0x0000000710400000| Untracked 
| 103|0x0000000710600000, 0x0000000710600000, 0x0000000710800000|  0%| F|  |TAMS 0x0000000710600000| PB 0x0000000710600000| Untracked 
| 104|0x0000000710800000, 0x0000000710800000, 0x0000000710a00000|  0%| F|  |TAMS 0x0000000710800000| PB 0x0000000710800000| Untracked 
| 105|0x0000000710a00000, 0x0000000710a00000, 0x0000000710c00000|  0%| F|  |TAMS 0x0000000710a00000| PB 0x0000000710a00000| Untracked 
| 106|0x0000000710c00000, 0x0000000710c00000, 0x0000000710e00000|  0%| F|  |TAMS 0x0000000710c00000| PB 0x0000000710c00000| Untracked 
| 107|0x0000000710e00000, 0x0000000710e00000, 0x0000000711000000|  0%| F|  |TAMS 0x0000000710e00000| PB 0x0000000710e00000| Untracked 
| 108|0x0000000711000000, 0x0000000711000000, 0x0000000711200000|  0%| F|  |TAMS 0x0000000711000000| PB 0x0000000711000000| Untracked 
| 109|0x0000000711200000, 0x0000000711200000, 0x0000000711400000|  0%| F|  |TAMS 0x0000000711200000| PB 0x0000000711200000| Untracked 
| 110|0x0000000711400000, 0x0000000711400000, 0x0000000711600000|  0%| F|  |TAMS 0x0000000711400000| PB 0x0000000711400000| Untracked 
| 111|0x0000000711600000, 0x0000000711600000, 0x0000000711800000|  0%| F|  |TAMS 0x0000000711600000| PB 0x0000000711600000| Untracked 
| 112|0x0000000711800000, 0x0000000711800000, 0x0000000711a00000|  0%| F|  |TAMS 0x0000000711800000| PB 0x0000000711800000| Untracked 
| 113|0x0000000711a00000, 0x0000000711a00000, 0x0000000711c00000|  0%| F|  |TAMS 0x0000000711a00000| PB 0x0000000711a00000| Untracked 
| 114|0x0000000711c00000, 0x0000000711c00000, 0x0000000711e00000|  0%| F|  |TAMS 0x0000000711c00000| PB 0x0000000711c00000| Untracked 
| 115|0x0000000711e00000, 0x0000000711e00000, 0x0000000712000000|  0%| F|  |TAMS 0x0000000711e00000| PB 0x0000000711e00000| Untracked 
| 116|0x0000000712000000, 0x0000000712000000, 0x0000000712200000|  0%| F|  |TAMS 0x0000000712000000| PB 0x0000000712000000| Untracked 
| 117|0x0000000712200000, 0x0000000712200000, 0x0000000712400000|  0%| F|  |TAMS 0x0000000712200000| PB 0x0000000712200000| Untracked 
| 118|0x0000000712400000, 0x0000000712400000, 0x0000000712600000|  0%| F|  |TAMS 0x0000000712400000| PB 0x0000000712400000| Untracked 
| 119|0x0000000712600000, 0x0000000712600000, 0x0000000712800000|  0%| F|  |TAMS 0x0000000712600000| PB 0x0000000712600000| Untracked 
| 120|0x0000000712800000, 0x0000000712800000, 0x0000000712a00000|  0%| F|  |TAMS 0x0000000712800000| PB 0x0000000712800000| Untracked 
| 121|0x0000000712a00000, 0x0000000712a00000, 0x0000000712c00000|  0%| F|  |TAMS 0x0000000712a00000| PB 0x0000000712a00000| Untracked 
| 122|0x0000000712c00000, 0x0000000712c00000, 0x0000000712e00000|  0%| F|  |TAMS 0x0000000712c00000| PB 0x0000000712c00000| Untracked 
| 123|0x0000000712e00000, 0x0000000712e00000, 0x0000000713000000|  0%| F|  |TAMS 0x0000000712e00000| PB 0x0000000712e00000| Untracked 
| 124|0x0000000713000000, 0x00000007130e4898, 0x0000000713200000| 44%| E|  |TAMS 0x0000000713000000| PB 0x0000000713000000| Complete 
| 125|0x0000000713200000, 0x0000000713400000, 0x0000000713400000|100%| E|CS|TAMS 0x0000000713200000| PB 0x0000000713200000| Complete 
| 126|0x0000000713400000, 0x0000000713600000, 0x0000000713600000|100%| E|CS|TAMS 0x0000000713400000| PB 0x0000000713400000| Complete 

Card table byte_map: [0x0000028343750000,0x0000028343f40000] _byte_map_base: 0x000002833ff34000

Marking Bits: (CMBitMap*) 0x000002832b9a61a0
 Bits: [0x0000028344730000, 0x0000028348650000)

Polling page: 0x0000028329830000

Metaspace:

Usage:
  Non-class:    862.94 KB used.
      Class:     72.45 KB used.
       Both:    935.39 KB used.

Virtual space:
  Non-class space:       64.00 MB reserved,     896.00 KB (  1%) committed,  1 nodes.
      Class space:        1.00 GB reserved,     128.00 KB ( <1%) committed,  1 nodes.
             Both:        1.06 GB reserved,       1.00 MB ( <1%) committed. 

Chunk freelists:
   Non-Class:  3.83 MB
       Class:  3.72 MB
        Both:  7.55 MB

MaxMetaspaceSize: unlimited
CompressedClassSpaceSize: 1.00 GB
Initial GC threshold: 21.00 MB
Current GC threshold: 21.00 MB
CDS: on
MetaspaceReclaimPolicy: balanced
 - commit_granule_bytes: 65536.
 - commit_granule_words: 8192.
 - virtual_space_node_default_size: 8388608.
 - enlarge_chunks_in_place: 1.
 - new_chunks_are_fully_committed: 0.
 - uncommit_free_chunks: 1.
 - use_allocation_guard: 0.


Internal statistics:

num_allocs_failed_limit: 0.
num_arena_births: 14.
num_arena_deaths: 0.
num_vsnodes_births: 2.
num_vsnodes_deaths: 0.
num_space_committed: 16.
num_space_uncommitted: 0.
num_chunks_returned_to_freelist: 0.
num_chunks_taken_from_freelist: 27.
num_chunk_merges: 0.
num_chunk_splits: 15.
num_chunks_enlarged: 12.
num_inconsistent_stats: 0.

CodeHeap 'non-profiled nmethods': size=120000Kb used=97Kb max_used=97Kb free=119902Kb
 bounds [0x000002833b4d0000, 0x000002833b740000, 0x0000028342a00000]
CodeHeap 'profiled nmethods': size=120000Kb used=380Kb max_used=380Kb free=119619Kb
 bounds [0x0000028333a00000, 0x0000028333c70000, 0x000002833af30000]
CodeHeap 'non-nmethods': size=5760Kb used=1350Kb max_used=1367Kb free=4409Kb
 bounds [0x000002833af30000, 0x000002833b1a0000, 0x000002833b4d0000]
 total_blobs=701 nmethods=297 adapters=315
 compilation: enabled
              stopped_count=0, restarted_count=0
 full_count=0

Compilation events (20 events):
Event: 0.259 Thread 0x0000028390435580  278       3       java.lang.Class::getClassLoader (28 bytes)
Event: 0.259 Thread 0x0000028390435580 nmethod 278 0x0000028333a5c490 code [0x0000028333a5c640, 0x0000028333a5c8a8]
Event: 0.259 Thread 0x0000028390435580  279       3       java.lang.invoke.MethodType::parameterType (7 bytes)
Event: 0.259 Thread 0x0000028390435580 nmethod 279 0x0000028333a5c990 code [0x0000028333a5cb20, 0x0000028333a5cc60]
Event: 0.259 Thread 0x0000028390435580  281       1       java.lang.invoke.MethodType$ConcurrentWeakInternSet$WeakEntry::hashCode (5 bytes)
Event: 0.259 Thread 0x0000028390435580 nmethod 281 0x000002833b4e6010 code [0x000002833b4e6180, 0x000002833b4e6248]
Event: 0.260 Thread 0x0000028390435580  285       3       java.lang.invoke.MethodType::hashCode (53 bytes)
Event: 0.261 Thread 0x0000028390435580 nmethod 285 0x0000028333a5cd10 code [0x0000028333a5cec0, 0x0000028333a5d248]
Event: 0.261 Thread 0x0000028390435580  287       3       java.lang.invoke.MemberName::isInvocable (8 bytes)
Event: 0.261 Thread 0x0000028390435580 nmethod 287 0x0000028333a5d410 code [0x0000028333a5d5a0, 0x0000028333a5d770]
Event: 0.262 Thread 0x0000028390435580  288       3       java.lang.invoke.MemberName::anyFlagSet (15 bytes)
Event: 0.262 Thread 0x0000028390435580 nmethod 288 0x0000028333a5d810 code [0x0000028333a5d9a0, 0x0000028333a5db10]
Event: 0.262 Thread 0x0000028390435580  291       3       java.lang.invoke.MethodType::checkSlotCount (33 bytes)
Event: 0.262 Thread 0x0000028390424bf0 nmethod 268 0x000002833b4e7810 code [0x000002833b4e7980, 0x000002833b4e7b48]
Event: 0.263 Thread 0x0000028390435580 nmethod 291 0x0000028333a5db90 code [0x0000028333a5dda0, 0x0000028333a5e398]
Event: 0.263 Thread 0x0000028390435580  292       3       java.lang.invoke.MethodType$ConcurrentWeakInternSet::expungeStaleElements (27 bytes)
Event: 0.263 Thread 0x0000028390435580 nmethod 292 0x0000028333a5e610 code [0x0000028333a5e7e0, 0x0000028333a5eb68]
Event: 0.263 Thread 0x0000028390435580  293   !   3       java.lang.ref.NativeReferenceQueue::poll (28 bytes)
Event: 0.263 Thread 0x0000028390435580 nmethod 293 0x0000028333a5ed10 code [0x0000028333a5eec0, 0x0000028333a5f220]
Event: 0.264 Thread 0x0000028390435580  299       3       jdk.internal.org.objectweb.asm.SymbolTable::get (13 bytes)

GC Heap History (0 events):
No events

Dll operation events (5 events):
Event: 0.008 Loaded shared library C:\Program Files\Java\jdk-20\bin\java.dll
Event: 0.027 Loaded shared library C:\Program Files\Java\jdk-20\bin\jsvml.dll
Event: 0.061 Loaded shared library C:\Program Files\Java\jdk-20\bin\net.dll
Event: 0.063 Loaded shared library C:\Program Files\Java\jdk-20\bin\nio.dll
Event: 0.074 Loaded shared library C:\Program Files\Java\jdk-20\bin\zip.dll

Deoptimization events (0 events):
No events

Classes loaded (20 events):
Event: 0.157 Loading class sun/net/www/URLConnection done
Event: 0.157 Loading class sun/net/www/protocol/file/FileURLConnection done
Event: 0.157 Loading class sun/net/www/MessageHeader
Event: 0.157 Loading class sun/net/www/MessageHeader done
Event: 0.158 Loading class java/io/FilePermission$1
Event: 0.158 Loading class jdk/internal/access/JavaIOFilePermissionAccess
Event: 0.158 Loading class jdk/internal/access/JavaIOFilePermissionAccess done
Event: 0.158 Loading class java/io/FilePermission$1 done
Event: 0.160 Loading class java/io/FilePermissionCollection
Event: 0.160 Loading class java/io/FilePermissionCollection done
Event: 0.160 Loading class java/util/Vector
Event: 0.160 Loading class java/util/Vector done
Event: 0.160 Loading class java/io/FilePermissionCollection$1
Event: 0.160 Loading class java/io/FilePermissionCollection$1 done
Event: 0.237 Loading class java/lang/NumberFormatException
Event: 0.237 Loading class java/lang/NumberFormatException done
Event: 0.254 Loading class java/lang/IllegalStateException
Event: 0.254 Loading class java/lang/IllegalStateException done
Event: 0.262 Loading class sun/invoke/util/VerifyAccess$1
Event: 0.263 Loading class sun/invoke/util/VerifyAccess$1 done

Classes unloaded (0 events):
No events

Classes redefined (0 events):
No events

Internal exceptions (1 events):
Event: 0.102 Thread 0x000002832b9328a0 Exception <a 'java/lang/NoSuchMethodError'{0x00000007132aac60}: 'int java.lang.invoke.DirectMethodHandle$Holder.invokeSpecial(java.lang.Object, java.lang.Object, java.lang.Object)'> (0x00000007132aac60) 
thrown [s\open\src\hotspot\share\interpreter\linkResolver.cpp, line 773]

VM Operations (2 events):
Event: 0.074 Executing VM operation: HandshakeAllThreads
Event: 0.074 Executing VM operation: HandshakeAllThreads done

Events (11 events):
Event: 0.027 Thread 0x000002832b9328a0 Thread added: 0x000002832b9328a0
Event: 0.040 Thread 0x000002839040ecb0 Thread added: 0x000002839040ecb0
Event: 0.040 Thread 0x0000028390413610 Thread added: 0x0000028390413610
Event: 0.040 Thread 0x0000028390414540 Thread added: 0x0000028390414540
Event: 0.040 Thread 0x0000028390415310 Thread added: 0x0000028390415310
Event: 0.041 Thread 0x0000028390415d80 Thread added: 0x0000028390415d80
Event: 0.041 Thread 0x000002839041bd10 Thread added: 0x000002839041bd10
Event: 0.043 Thread 0x0000028390424bf0 Thread added: 0x0000028390424bf0
Event: 0.043 Thread 0x0000028390435580 Thread added: 0x0000028390435580
Event: 0.056 Thread 0x00000283905a6ae0 Thread added: 0x00000283905a6ae0
Event: 0.058 Thread 0x00000283905bf8e0 Thread added: 0x00000283905bf8e0


Dynamic libraries:
0x00007ff64ff70000 - 0x00007ff64ff80000 	C:\Program Files\Java\jdk-20\bin\java.exe
0x00007ffb61e40000 - 0x00007ffb620a6000 	C:\WINDOWS\SYSTEM32\ntdll.dll
0x00007ffb600b0000 - 0x00007ffb60179000 	C:\WINDOWS\System32\KERNEL32.DLL
0x00007ffb5f450000 - 0x00007ffb5f84a000 	C:\WINDOWS\System32\KERNELBASE.dll
0x00007ffb5fa60000 - 0x00007ffb5fbac000 	C:\WINDOWS\System32\ucrtbase.dll
0x00007ffb32be0000 - 0x00007ffb32bf9000 	C:\Program Files\Java\jdk-20\bin\jli.dll
0x00007ffb2f630000 - 0x00007ffb2f64b000 	C:\Program Files\Java\jdk-20\bin\VCRUNTIME140.dll
0x00007ffb61750000 - 0x00007ffb61806000 	C:\WINDOWS\System32\ADVAPI32.dll
0x00007ffb61820000 - 0x00007ffb618c9000 	C:\WINDOWS\System32\msvcrt.dll
0x00007ffb60b50000 - 0x00007ffb60bfa000 	C:\WINDOWS\System32\sechost.dll
0x00007ffb61ce0000 - 0x00007ffb61df8000 	C:\WINDOWS\System32\RPCRT4.dll
0x00007ffb60de0000 - 0x00007ffb60fa7000 	C:\WINDOWS\System32\USER32.dll
0x00007ffb5f360000 - 0x00007ffb5f387000 	C:\WINDOWS\System32\win32u.dll
0x00007ffb3d710000 - 0x00007ffb3d9a2000 	C:\WINDOWS\WinSxS\amd64_microsoft.windows.common-controls_6595b64144ccf1df_6.0.26100.8521_none_3e08b75ce33403b3\COMCTL32.dll
0x00007ffb61720000 - 0x00007ffb6174b000 	C:\WINDOWS\System32\GDI32.dll
0x00007ffb5f0d0000 - 0x00007ffb5f1fb000 	C:\WINDOWS\System32\gdi32full.dll
0x00007ffb5f200000 - 0x00007ffb5f2a3000 	C:\WINDOWS\System32\msvcp_win.dll
0x00007ffb529d0000 - 0x00007ffb529db000 	C:\WINDOWS\SYSTEM32\VERSION.dll
0x00007ffb61540000 - 0x00007ffb61572000 	C:\WINDOWS\System32\IMM32.DLL
0x00007ffb352d0000 - 0x00007ffb352dc000 	C:\Program Files\Java\jdk-20\bin\vcruntime140_1.dll
0x00007ffb2e580000 - 0x00007ffb2e60e000 	C:\Program Files\Java\jdk-20\bin\msvcp140.dll
0x00007ffb2a540000 - 0x00007ffb2b1d8000 	C:\Program Files\Java\jdk-20\bin\server\jvm.dll
0x00007ffb35910000 - 0x00007ffb3591a000 	C:\WINDOWS\SYSTEM32\WSOCK32.dll
0x00007ffb50cb0000 - 0x00007ffb50ce6000 	C:\WINDOWS\SYSTEM32\WINMM.dll
0x00007ffb60c00000 - 0x00007ffb60c80000 	C:\WINDOWS\System32\WS2_32.dll
0x00007ffb5df80000 - 0x00007ffb5df9b000 	C:\WINDOWS\SYSTEM32\kernel.appcore.dll
0x00007ffb2e570000 - 0x00007ffb2e57a000 	C:\Program Files\Java\jdk-20\bin\jimage.dll
0x00007ffb5c730000 - 0x00007ffb5c972000 	C:\WINDOWS\SYSTEM32\DBGHELP.DLL
0x00007ffb61950000 - 0x00007ffb61cd3000 	C:\WINDOWS\System32\combase.dll
0x00007ffb60c90000 - 0x00007ffb60d69000 	C:\WINDOWS\System32\OLEAUT32.dll
0x00007ffb2e510000 - 0x00007ffb2e54b000 	C:\WINDOWS\SYSTEM32\dbgcore.DLL
0x00007ffb5f2b0000 - 0x00007ffb5f358000 	C:\WINDOWS\System32\bcryptPrimitives.dll
0x00007ffb2e430000 - 0x00007ffb2e456000 	C:\Program Files\Java\jdk-20\bin\java.dll
0x00007ffb2e350000 - 0x00007ffb2e427000 	C:\Program Files\Java\jdk-20\bin\jsvml.dll
0x00007ffb603c0000 - 0x00007ffb60b44000 	C:\WINDOWS\System32\SHELL32.dll
0x00007ffb5cc20000 - 0x00007ffb5d4a0000 	C:\WINDOWS\SYSTEM32\windows.storage.dll
0x00007ffb60240000 - 0x00007ffb60336000 	C:\WINDOWS\System32\SHCORE.dll
0x00007ffb60d70000 - 0x00007ffb60dd7000 	C:\WINDOWS\System32\shlwapi.dll
0x00007ffb5eff0000 - 0x00007ffb5f019000 	C:\WINDOWS\SYSTEM32\profapi.dll
0x00007ffb53df0000 - 0x00007ffb53e03000 	C:\Program Files\Java\jdk-20\bin\net.dll
0x00007ffb52f10000 - 0x00007ffb53039000 	C:\WINDOWS\SYSTEM32\WINHTTP.dll
0x00007ffb5e4f0000 - 0x00007ffb5e55c000 	C:\WINDOWS\system32\mswsock.dll
0x00007ffb53dd0000 - 0x00007ffb53de6000 	C:\Program Files\Java\jdk-20\bin\nio.dll
0x00007ffb53db0000 - 0x00007ffb53dc8000 	C:\Program Files\Java\jdk-20\bin\zip.dll

dbghelp: loaded successfully - version: 4.0.5 - missing functions: none
symbol engine: initialized successfully - sym options: 0x614 - pdb path: .;C:\Program Files\Java\jdk-20\bin;C:\WINDOWS\SYSTEM32;C:\WINDOWS\WinSxS\amd64_microsoft.windows.common-controls_6595b64144ccf1df_6.0.26100.8521_none_3e08b75ce33403b3;C:\Program Files\Java\jdk-20\bin\server

VM Arguments:
jvm_args: -Dclassworlds.conf=C:\Program Files\apache-maven- 3.9.9-bin\apache-maven-3.9.9\bin\m2.conf -Dmaven.home=C:\Program Files\apache-maven- 3.9.9-bin\apache-maven-3.9.9 -Dlibrary.jansi.path=C:\Program Files\apache-maven- 3.9.9-bin\apache-maven-3.9.9\lib\jansi-native -Dmaven.multiModuleProjectDirectory=C:\Users\DELL\Downloads\asset-management\asset-management 
java_command: org.codehaus.plexus.classworlds.launcher.Launcher clean package
java_class_path (initial): C:\Program Files\apache-maven- 3.9.9-bin\apache-maven-3.9.9\boot\plexus-classworlds-2.8.0.jar
Launcher Type: SUN_STANDARD

[Global flags]
     intx CICompilerCount                          = 4                                         {product} {ergonomic}
     uint ConcGCThreads                            = 3                                         {product} {ergonomic}
     uint G1ConcRefinementThreads                  = 10                                        {product} {ergonomic}
   size_t G1HeapRegionSize                         = 2097152                                   {product} {ergonomic}
    uintx GCDrainStackTargetSize                   = 64                                        {product} {ergonomic}
   size_t InitialHeapSize                          = 266338304                                 {product} {ergonomic}
   size_t MarkStackSize                            = 4194304                                   {product} {ergonomic}
   size_t MaxHeapSize                              = 4236247040                                {product} {ergonomic}
   size_t MaxNewSize                               = 2541748224                                {product} {ergonomic}
   size_t MinHeapDeltaBytes                        = 2097152                                   {product} {ergonomic}
   size_t MinHeapSize                              = 8388608                                   {product} {ergonomic}
    uintx NonNMethodCodeHeapSize                   = 5839372                                {pd product} {ergonomic}
    uintx NonProfiledCodeHeapSize                  = 122909434                              {pd product} {ergonomic}
    uintx ProfiledCodeHeapSize                     = 122909434                              {pd product} {ergonomic}
    uintx ReservedCodeCacheSize                    = 251658240                              {pd product} {ergonomic}
     bool SegmentedCodeCache                       = true                                      {product} {ergonomic}
   size_t SoftMaxHeapSize                          = 4236247040                             {manageable} {ergonomic}
     bool UseCompressedClassPointers               = true                           {product lp64_product} {ergonomic}
     bool UseCompressedOops                        = true                           {product lp64_product} {ergonomic}
     bool UseG1GC                                  = true                                      {product} {ergonomic}
     bool UseLargePagesIndividualAllocation        = false                                  {pd product} {ergonomic}

Logging:
Log output configuration:
 #0: stdout all=warning uptime,level,tags foldmultilines=false
 #1: stderr all=off uptime,level,tags foldmultilines=false

Environment Variables:
JAVA_HOME=C:\Program Files\Java\jdk-20
PATH=C:\Program Files\Common Files\Oracle\Java\javapath;C:\python3.7\Scripts\;C:\python3.7\;C:\oraclexe\app\oracle\product\10.2.0\server\bin;C:\Program Files (x86)\Common Files\Oracle\Java\javapath;C:\Windows\system32;C:\Windows;C:\Windows\System32\Wbem;C:\Windows\System32\WindowsPowerShell\v1.0\;C:\Windows\System32\OpenSSH\;C:\Program Files (x86)\NVIDIA Corporation\PhysX\Common;C:\Program Files\NVIDIA Corporation\NVIDIA NvDLISR;C:\Program Files\dotnet\;C:\WINDOWS\system32;C:\WINDOWS;C:\WINDOWS\System32\Wbem;C:\WINDOWS\System32\WindowsPowerShell\v1.0\;C:\WINDOWS\System32\OpenSSH\;C:\Users\DELL\Downloads\mingw32\bin;C:\sqlite-tools-win-x64-3470200;C:\sqlite3;C:\Program Files\Git\cmd;C:\Program Files\apache-maven- 3.9.9-bin\apache-maven-3.9.9\bin;C:\Program Files\nodejs\;C:\Program Files\PostgreSQL\17\bin;C:\Program Files\Java\jdk-20\bin;C:\Program Files\openjdk-13+33_windows-x64_bin\jdk-13\bin;;C:\ProgramData\chocolatey\bin;C:\Program Files\Microsoft\Web Platform Installer\;C:\Program Files (x86)\Microsoft ASP.NET\ASP.NET Web Pages\v1.0\;C:\Program Files (x86)\Windows Kits\8.0\Windows Performance Toolkit\;C:\Program Files\Microsoft SQL Server\110\Tools\Binn\;C:\Program Files (x86)\Windows Kits\10\Windows Performance Toolkit\;C:\Users\DELL\AppData\Local\Microsoft\WindowsApps;C:\Users\DELL\AppData\Local\Programs\Microsoft VS Code\bin;C:\Users\DELL\Downloads\mingw32\bin;C:\Program Files\JetBrains\IntelliJ IDEA Community Edition 2024.1.1\bin;;C:\Users\DELL\AppData\Roaming\npm;C:\Program Files\apache-maven- 3.9.9-bin\apache-maven-3.9.9\bin;C:\Program Files\Apache Software Foundation\Tomcat 11.0\bin;C:\Program Files\Java\jdk-20;C:\Program Files\openjdk-13+33_windows-x64_bin\jdk-13\bin;C:\Program Files\JetBrains\IntelliJ IDEA 2025.3.2\bin
USERNAME=DELL
TERM=xterm
OS=Windows_NT
PROCESSOR_IDENTIFIER=Intel64 Family 6 Model 165 Stepping 2, GenuineIntel
TMP=C:\Users\DELL\AppData\Local\Temp
TEMP=C:\Users\DELL\AppData\Local\Temp




---------------  S Y S T E M  ---------------

OS:
 Windows 11 , 64 bit Build 26100 (10.0.26100.8521)
OS uptime: 0 days 1:04 hours
Hyper-V role detected

CPU: total 12 (initial active 12) (6 cores per cpu, 2 threads per core) family 6 model 165 stepping 2 microcode 0x100, cx8, cmov, fxsr, ht, mmx, 3dnowpref, sse, sse2, sse3, ssse3, sse4.1, sse4.2, popcnt, lzcnt, tsc, tscinvbit, avx, avx2, aes, erms, clmul, bmi1, bmi2, adx, fma, vzeroupper, clflush, clflushopt, hv, rdtscp, f16c

Memory: 4k page, system-wide physical 16159M (2448M free)
TotalPageFile size 20221M (AvailPageFile size 3M)
current process WorkingSet (physical memory assigned to process): 46M, peak: 46M
current process commit charge ("private bytes"): 345M, peak: 345M

vm_info: Java HotSpot(TM) 64-Bit Server VM (20.0.2+9-78) for windows-amd64 JRE (20.0.2+9-78), built on 2023-06-14T10:08:48Z by "mach5one" with MS VC++ 17.1 (VS2022)

END.
