#
# There is insufficient memory for the Java Runtime Environment to continue.
# Native memory allocation (malloc) failed to allocate 1230576 bytes for Chunk::new
# Possible reasons:
#   The system is out of physical RAM or swap space
#   The process is running with CompressedOops enabled, and the Java Heap may be blocking the growth of the native heap
# Possible solutions:
#   Reduce memory load on the system
#   Increase physical memory or swap space
#   Check if swap backing store is full
#   Decrease Java heap size (-Xmx/-Xms)
#   Decrease number of Java threads
#   Decrease Java thread stack sizes (-Xss)
#   Set larger code cache with -XX:ReservedCodeCacheSize=
#   JVM is running with Zero Based Compressed Oops mode in which the Java heap is
#     placed in the first 32GB address space. The Java Heap base address is the
#     maximum limit for the native heap growth. Please use -XX:HeapBaseMinAddress
#     to set the Java Heap base and to place the Java Heap above 32GB virtual address.
# This output file may be truncated or incomplete.
#
#  Out of Memory Error (arena.cpp:184), pid=16080, tid=11252
#
# JRE version: Java(TM) SE Runtime Environment (20.0.2+9) (build 20.0.2+9-78)
# Java VM: Java HotSpot(TM) 64-Bit Server VM (20.0.2+9-78, mixed mode, sharing, tiered, compressed oops, compressed class ptrs, g1 gc, windows-amd64)
# No core dump will be written. Minidumps are not enabled by default on client versions of Windows
#

---------------  S U M M A R Y ------------

Command Line: -Dclassworlds.conf=C:\Program Files\apache-maven- 3.9.9-bin\apache-maven-3.9.9\bin\m2.conf -Dmaven.home=C:\Program Files\apache-maven- 3.9.9-bin\apache-maven-3.9.9 -Dlibrary.jansi.path=C:\Program Files\apache-maven- 3.9.9-bin\apache-maven-3.9.9\lib\jansi-native -Dmaven.multiModuleProjectDirectory=C:\Users\DELL\Downloads\asset-management\asset-management org.codehaus.plexus.classworlds.launcher.Launcher clean package

Host: Intel(R) Core(TM) i5-10500H CPU @ 2.50GHz, 12 cores, 15G,  Windows 11 , 64 bit Build 26100 (10.0.26100.8521)
Time: Sun Jun 21 13:04:17 2026 India Standard Time elapsed time: 11.493469 seconds (0d 0h 0m 11s)

---------------  T H R E A D  ---------------

Current thread (0x00000151fb20f1e0):  JavaThread "C2 CompilerThread2" daemon [_thread_in_native, id=11252, stack(0x0000004aba300000,0x0000004aba400000)]


Current CompileTask:
C2:  11493 9272       4       sun.security.ec.ECOperations::setDouble (463 bytes)

Stack: [0x0000004aba300000,0x0000004aba400000]
Native frames: (J=compiled Java code, j=interpreted, Vv=VM code, C=native code)
V  [jvm.dll+0x6bc25a]
V  [jvm.dll+0x84971a]
V  [jvm.dll+0x84b315]
V  [jvm.dll+0x84ba13]
V  [jvm.dll+0x280e4f]
V  [jvm.dll+0xc2ab1]
V  [jvm.dll+0xc2dd5]
V  [jvm.dll+0x3bb612]
V  [jvm.dll+0x385b75]
V  [jvm.dll+0x384fea]
V  [jvm.dll+0x24b529]
V  [jvm.dll+0x24a921]
V  [jvm.dll+0x1ce761]
V  [jvm.dll+0x25a0eb]
V  [jvm.dll+0x2587c0]
V  [jvm.dll+0x3f2dd5]
V  [jvm.dll+0x7f5c76]
V  [jvm.dll+0x6baecb]
C  [ucrtbase.dll+0x2cd30]
C  [KERNEL32.DLL+0x2e957]
C  [ntdll.dll+0x87c1c]


---------------  P R O C E S S  ---------------

Threads class SMR info:
_java_thread_list=0x00000151fd54f920, length=14, elements={
0x0000015195141960, 0x00000151f9d190c0, 0x00000151f9d1da20, 0x00000151f9d21570,
0x00000151f9d23220, 0x00000151f9d2e860, 0x00000151f9d34980, 0x00000151f9d36090,
0x00000151f9d3ea20, 0x00000151f9d34ed0, 0x00000151f9d31f00, 0x00000151f9d32450,
0x00000151fd4cb770, 0x00000151fb20f1e0
}

Java Threads: ( => current thread )
  0x0000015195141960 JavaThread "main" [_thread_in_native, id=1424, stack(0x0000004ab9000000,0x0000004ab9100000)]
  0x00000151f9d190c0 JavaThread "Reference Handler" daemon [_thread_blocked, id=25792, stack(0x0000004ab9700000,0x0000004ab9800000)]
  0x00000151f9d1da20 JavaThread "Finalizer" daemon [_thread_blocked, id=22916, stack(0x0000004ab9800000,0x0000004ab9900000)]
  0x00000151f9d21570 JavaThread "Signal Dispatcher" daemon [_thread_blocked, id=8776, stack(0x0000004ab9900000,0x0000004ab9a00000)]
  0x00000151f9d23220 JavaThread "Attach Listener" daemon [_thread_blocked, id=15516, stack(0x0000004ab9a00000,0x0000004ab9b00000)]
  0x00000151f9d2e860 JavaThread "Service Thread" daemon [_thread_blocked, id=28148, stack(0x0000004ab9b00000,0x0000004ab9c00000)]
  0x00000151f9d34980 JavaThread "Monitor Deflation Thread" daemon [_thread_blocked, id=6780, stack(0x0000004ab9c00000,0x0000004ab9d00000)]
  0x00000151f9d36090 JavaThread "C2 CompilerThread0" daemon [_thread_in_native, id=18856, stack(0x0000004ab9d00000,0x0000004ab9e00000)]
  0x00000151f9d3ea20 JavaThread "C1 CompilerThread0" daemon [_thread_blocked, id=9156, stack(0x0000004ab9e00000,0x0000004ab9f00000)]
  0x00000151f9d34ed0 JavaThread "Notification Thread" daemon [_thread_blocked, id=7728, stack(0x0000004ab9f00000,0x0000004aba000000)]
  0x00000151f9d31f00 JavaThread "Common-Cleaner" daemon [_thread_blocked, id=21600, stack(0x0000004aba100000,0x0000004aba200000)]
  0x00000151f9d32450 JavaThread "Thread-1" daemon [_thread_blocked, id=29660, stack(0x0000004abad00000,0x0000004abae00000)]
  0x00000151fd4cb770 JavaThread "C2 CompilerThread1" daemon [_thread_in_native, id=29148, stack(0x0000004aba200000,0x0000004aba300000)]
=>0x00000151fb20f1e0 JavaThread "C2 CompilerThread2" daemon [_thread_in_native, id=11252, stack(0x0000004aba300000,0x0000004aba400000)]

Other Threads:
  0x00000151b2037fc0 VMThread "VM Thread" [stack: 0x0000004ab9600000,0x0000004ab9700000] [id=27904]
  0x00000151f9e8fed0 WatcherThread "VM Periodic Task Thread" [stack: 0x0000004aba000000,0x0000004aba100000] [id=18372]
  0x00000151951b1d00 WorkerThread "GC Thread#0" [stack: 0x0000004ab9100000,0x0000004ab9200000] [id=8536]
  0x00000151fae39f50 WorkerThread "GC Thread#1" [stack: 0x0000004aba400000,0x0000004aba500000] [id=2136]
  0x00000151fae3a220 WorkerThread "GC Thread#2" [stack: 0x0000004aba500000,0x0000004aba600000] [id=5664]
  0x00000151faad7d30 WorkerThread "GC Thread#3" [stack: 0x0000004aba600000,0x0000004aba700000] [id=13044]
  0x00000151faad7a60 WorkerThread "GC Thread#4" [stack: 0x0000004aba700000,0x0000004aba800000] [id=3164]
  0x00000151faad8000 WorkerThread "GC Thread#5" [stack: 0x0000004aba800000,0x0000004aba900000] [id=28832]
  0x00000151faad8870 WorkerThread "GC Thread#6" [stack: 0x0000004aba900000,0x0000004abaa00000] [id=30548]
  0x00000151faad82d0 WorkerThread "GC Thread#7" [stack: 0x0000004abaa00000,0x0000004abab00000] [id=10312]
  0x00000151faad85a0 WorkerThread "GC Thread#8" [stack: 0x0000004abab00000,0x0000004abac00000] [id=29192]
  0x00000151faad74c0 WorkerThread "GC Thread#9" [stack: 0x0000004abac00000,0x0000004abad00000] [id=25108]
  0x00000151b1e92010 ConcurrentGCThread "G1 Main Marker" [stack: 0x0000004ab9200000,0x0000004ab9300000] [id=29424]
  0x00000151951c1e10 WorkerThread "G1 Conc#0" [stack: 0x0000004ab9300000,0x0000004ab9400000] [id=29364]
  0x00000151fb70cb50 WorkerThread "G1 Conc#1" [stack: 0x0000004abae00000,0x0000004abaf00000] [id=1868]
  0x00000151fb70df00 WorkerThread "G1 Conc#2" [stack: 0x0000004abaf00000,0x0000004abb000000] [id=6176]
  0x00000151b1ef48c0 ConcurrentGCThread "G1 Refine#0" [stack: 0x0000004ab9400000,0x0000004ab9500000] [id=12284]
  0x00000151b1ef5010 ConcurrentGCThread "G1 Service" [stack: 0x0000004ab9500000,0x0000004ab9600000] [id=10620]

Threads with active compile tasks:
C2 CompilerThread0    11519 9027   !   4       java.lang.ClassLoader::loadClass (121 bytes)
C2 CompilerThread1    11519 9323       4       java.nio.CharBuffer::<init> (24 bytes)
C2 CompilerThread2    11519 9272       4       sun.security.ec.ECOperations::setDouble (463 bytes)

VM state: not at safepoint (normal execution)

VM Mutex/Monitor currently owned by a thread: None

Heap address: 0x0000000703800000, size: 4040 MB, Compressed Oops mode: Zero based, Oop shift amount: 3

CDS archive(s) mapped at: [0x00000151b4c00000-0x00000151b5860000-0x00000151b5860000), size 12976128, SharedBaseAddress: 0x00000151b4c00000, ArchiveRelocationMode: 1.
Compressed class space mapped at: 0x00000151b5c00000-0x00000151f5c00000, reserved size: 1073741824
Narrow klass base: 0x00000151b4c00000, Narrow klass shift: 0, Narrow klass range: 0x100000000

GC Precious Log:
 CardTable entry size: 512
 Card Set container configuration: InlinePtr #cards 4 size 8 Array Of Cards #cards 16 size 48 Howl #buckets 8 coarsen threshold 3686 Howl Bitmap #cards 512 size 80 coarsen threshold 460 Card regions per heap region 1 cards per card region 4096
 CPUs: 12 total, 12 available
 Memory: 16159M
 Large Page Support: Disabled
 NUMA Support: Disabled
 Compressed Oops: Enabled (Zero based)
 Heap Region Size: 2M
 Heap Min Capacity: 8M
 Heap Initial Capacity: 254M
 Heap Max Capacity: 4040M
 Pre-touch: Disabled
 Parallel Workers: 10
 Concurrent Workers: 3
 Concurrent Refinement Workers: 10
 Periodic GC: Disabled

Heap:
 garbage-first heap   total 137216K, used 61757K [0x0000000703800000, 0x0000000800000000)
  region size 2048K, 11 young (22528K), 2 survivors (4096K)
 Metaspace       used 40521K, committed 41024K, reserved 1114112K
  class space    used 4521K, committed 4736K, reserved 1048576K

Heap Regions: E=young(eden), S=young(survivor), O=old, HS=humongous(starts), HC=humongous(continues), CS=collection set, F=free, OA=open archive, CA=closed archive, TAMS=top-at-mark-start, PB=parsable bottom
|   0|0x0000000703800000, 0x0000000703a00000, 0x0000000703a00000|100%| O|  |TAMS 0x0000000703800000| PB 0x0000000703800000| Untracked 
|   1|0x0000000703a00000, 0x0000000703c00000, 0x0000000703c00000|100%|HS|  |TAMS 0x0000000703a00000| PB 0x0000000703a00000| Complete 
|   2|0x0000000703c00000, 0x0000000703e00000, 0x0000000703e00000|100%| O|  |TAMS 0x0000000703c00000| PB 0x0000000703c00000| Untracked 
|   3|0x0000000703e00000, 0x0000000704000000, 0x0000000704000000|100%|HS|  |TAMS 0x0000000703e00000| PB 0x0000000703e00000| Complete 
|   4|0x0000000704000000, 0x0000000704200000, 0x0000000704200000|100%| O|  |TAMS 0x0000000704000000| PB 0x0000000704000000| Complete 
|   5|0x0000000704200000, 0x0000000704400000, 0x0000000704400000|100%| O|  |TAMS 0x0000000704200000| PB 0x0000000704200000| Complete 
|   6|0x0000000704400000, 0x0000000704600000, 0x0000000704600000|100%| O|  |TAMS 0x0000000704400000| PB 0x0000000704400000| Complete 
|   7|0x0000000704600000, 0x0000000704800000, 0x0000000704800000|100%| O|  |TAMS 0x0000000704600000| PB 0x0000000704600000| Complete 
|   8|0x0000000704800000, 0x0000000704a00000, 0x0000000704a00000|100%| O|  |TAMS 0x0000000704800000| PB 0x0000000704800000| Untracked 
|   9|0x0000000704a00000, 0x0000000704c00000, 0x0000000704c00000|100%| O|  |TAMS 0x0000000704a00000| PB 0x0000000704a00000| Complete 
|  10|0x0000000704c00000, 0x0000000704e00000, 0x0000000704e00000|100%| O|  |TAMS 0x0000000704c00000| PB 0x0000000704c00000| Complete 
|  11|0x0000000704e00000, 0x0000000705000000, 0x0000000705000000|100%| O|  |TAMS 0x0000000704e00000| PB 0x0000000704e00000| Complete 
|  12|0x0000000705000000, 0x0000000705185400, 0x0000000705200000| 76%| O|  |TAMS 0x0000000705000000| PB 0x0000000705000000| Untracked 
|  13|0x0000000705200000, 0x0000000705200000, 0x0000000705400000|  0%| F|  |TAMS 0x0000000705200000| PB 0x0000000705200000| Untracked 
|  14|0x0000000705400000, 0x0000000705400000, 0x0000000705600000|  0%| F|  |TAMS 0x0000000705400000| PB 0x0000000705400000| Untracked 
|  15|0x0000000705600000, 0x0000000705600000, 0x0000000705800000|  0%| F|  |TAMS 0x0000000705600000| PB 0x0000000705600000| Untracked 
|  16|0x0000000705800000, 0x0000000705800000, 0x0000000705a00000|  0%| F|  |TAMS 0x0000000705800000| PB 0x0000000705800000| Untracked 
|  17|0x0000000705a00000, 0x0000000705a00000, 0x0000000705c00000|  0%| F|  |TAMS 0x0000000705a00000| PB 0x0000000705a00000| Untracked 
|  18|0x0000000705c00000, 0x0000000705c00000, 0x0000000705e00000|  0%| F|  |TAMS 0x0000000705c00000| PB 0x0000000705c00000| Untracked 
|  19|0x0000000705e00000, 0x0000000705e00000, 0x0000000706000000|  0%| F|  |TAMS 0x0000000705e00000| PB 0x0000000705e00000| Untracked 
|  20|0x0000000706000000, 0x0000000706000000, 0x0000000706200000|  0%| F|  |TAMS 0x0000000706000000| PB 0x0000000706000000| Untracked 
|  21|0x0000000706200000, 0x0000000706200000, 0x0000000706400000|  0%| F|  |TAMS 0x0000000706200000| PB 0x0000000706200000| Untracked 
|  22|0x0000000706400000, 0x0000000706400000, 0x0000000706600000|  0%| F|  |TAMS 0x0000000706400000| PB 0x0000000706400000| Untracked 
|  23|0x0000000706600000, 0x0000000706600000, 0x0000000706800000|  0%| F|  |TAMS 0x0000000706600000| PB 0x0000000706600000| Untracked 
|  24|0x0000000706800000, 0x0000000706800000, 0x0000000706a00000|  0%| F|  |TAMS 0x0000000706800000| PB 0x0000000706800000| Untracked 
|  25|0x0000000706a00000, 0x0000000706a00000, 0x0000000706c00000|  0%| F|  |TAMS 0x0000000706a00000| PB 0x0000000706a00000| Untracked 
|  26|0x0000000706c00000, 0x0000000706c00000, 0x0000000706e00000|  0%| F|  |TAMS 0x0000000706c00000| PB 0x0000000706c00000| Untracked 
|  27|0x0000000706e00000, 0x0000000706e00000, 0x0000000707000000|  0%| F|  |TAMS 0x0000000706e00000| PB 0x0000000706e00000| Untracked 
|  28|0x0000000707000000, 0x0000000707000000, 0x0000000707200000|  0%| F|  |TAMS 0x0000000707000000| PB 0x0000000707000000| Untracked 
|  29|0x0000000707200000, 0x0000000707200000, 0x0000000707400000|  0%| F|  |TAMS 0x0000000707200000| PB 0x0000000707200000| Untracked 
|  30|0x0000000707400000, 0x0000000707400000, 0x0000000707600000|  0%| F|  |TAMS 0x0000000707400000| PB 0x0000000707400000| Untracked 
|  31|0x0000000707600000, 0x0000000707600000, 0x0000000707800000|  0%| F|  |TAMS 0x0000000707600000| PB 0x0000000707600000| Untracked 
|  32|0x0000000707800000, 0x0000000707800000, 0x0000000707a00000|  0%| F|  |TAMS 0x0000000707800000| PB 0x0000000707800000| Untracked 
|  33|0x0000000707a00000, 0x0000000707a00000, 0x0000000707c00000|  0%| F|  |TAMS 0x0000000707a00000| PB 0x0000000707a00000| Untracked 
|  34|0x0000000707c00000, 0x0000000707c00000, 0x0000000707e00000|  0%| F|  |TAMS 0x0000000707c00000| PB 0x0000000707c00000| Untracked 
|  35|0x0000000707e00000, 0x0000000707e00000, 0x0000000708000000|  0%| F|  |TAMS 0x0000000707e00000| PB 0x0000000707e00000| Untracked 
|  36|0x0000000708000000, 0x0000000708000000, 0x0000000708200000|  0%| F|  |TAMS 0x0000000708000000| PB 0x0000000708000000| Untracked 
|  37|0x0000000708200000, 0x0000000708200000, 0x0000000708400000|  0%| F|  |TAMS 0x0000000708200000| PB 0x0000000708200000| Untracked 
|  38|0x0000000708400000, 0x0000000708400000, 0x0000000708600000|  0%| F|  |TAMS 0x0000000708400000| PB 0x0000000708400000| Untracked 
|  39|0x0000000708600000, 0x00000007086ca158, 0x0000000708800000| 39%| S|CS|TAMS 0x0000000708600000| PB 0x0000000708600000| Complete 
|  40|0x0000000708800000, 0x0000000708a00000, 0x0000000708a00000|100%| S|CS|TAMS 0x0000000708800000| PB 0x0000000708800000| Complete 
|  41|0x0000000708a00000, 0x0000000708a00000, 0x0000000708c00000|  0%| F|  |TAMS 0x0000000708a00000| PB 0x0000000708a00000| Untracked 
|  42|0x0000000708c00000, 0x0000000708c00000, 0x0000000708e00000|  0%| F|  |TAMS 0x0000000708c00000| PB 0x0000000708c00000| Untracked 
|  43|0x0000000708e00000, 0x0000000708e00000, 0x0000000709000000|  0%| F|  |TAMS 0x0000000708e00000| PB 0x0000000708e00000| Untracked 
|  44|0x0000000709000000, 0x0000000709000000, 0x0000000709200000|  0%| F|  |TAMS 0x0000000709000000| PB 0x0000000709000000| Untracked 
|  45|0x0000000709200000, 0x0000000709200000, 0x0000000709400000|  0%| F|  |TAMS 0x0000000709200000| PB 0x0000000709200000| Untracked 
|  46|0x0000000709400000, 0x0000000709400000, 0x0000000709600000|  0%| F|  |TAMS 0x0000000709400000| PB 0x0000000709400000| Untracked 
|  47|0x0000000709600000, 0x0000000709600000, 0x0000000709800000|  0%| F|  |TAMS 0x0000000709600000| PB 0x0000000709600000| Untracked 
|  48|0x0000000709800000, 0x0000000709800000, 0x0000000709a00000|  0%| F|  |TAMS 0x0000000709800000| PB 0x0000000709800000| Untracked 
|  49|0x0000000709a00000, 0x0000000709a00000, 0x0000000709c00000|  0%| F|  |TAMS 0x0000000709a00000| PB 0x0000000709a00000| Untracked 
|  50|0x0000000709c00000, 0x0000000709d00800, 0x0000000709e00000| 50%| E|  |TAMS 0x0000000709c00000| PB 0x0000000709c00000| Complete 
|  51|0x0000000709e00000, 0x000000070a000000, 0x000000070a000000|100%| E|CS|TAMS 0x0000000709e00000| PB 0x0000000709e00000| Complete 
|  52|0x000000070a000000, 0x000000070a200000, 0x000000070a200000|100%| E|CS|TAMS 0x000000070a000000| PB 0x000000070a000000| Complete 
|  53|0x000000070a200000, 0x000000070a400000, 0x000000070a400000|100%| E|CS|TAMS 0x000000070a200000| PB 0x000000070a200000| Complete 
|  54|0x000000070a400000, 0x000000070a600000, 0x000000070a600000|100%| E|CS|TAMS 0x000000070a400000| PB 0x000000070a400000| Complete 
|  55|0x000000070a600000, 0x000000070a800000, 0x000000070a800000|100%| E|CS|TAMS 0x000000070a600000| PB 0x000000070a600000| Complete 
|  56|0x000000070a800000, 0x000000070aa00000, 0x000000070aa00000|100%| E|CS|TAMS 0x000000070a800000| PB 0x000000070a800000| Complete 
| 125|0x0000000713200000, 0x0000000713400000, 0x0000000713400000|100%| E|CS|TAMS 0x0000000713200000| PB 0x0000000713200000| Complete 
| 126|0x0000000713400000, 0x0000000713600000, 0x0000000713600000|100%| E|CS|TAMS 0x0000000713400000| PB 0x0000000713400000| Complete 
|2012|0x00000007ff000000, 0x00000007ff200000, 0x00000007ff200000|100%| O|  |TAMS 0x00000007ff000000| PB 0x00000007ff000000| Untracked 
|2013|0x00000007ff200000, 0x00000007ff400000, 0x00000007ff400000|100%| O|  |TAMS 0x00000007ff200000| PB 0x00000007ff200000| Untracked 
|2014|0x00000007ff400000, 0x00000007ff600000, 0x00000007ff600000|100%| O|  |TAMS 0x00000007ff400000| PB 0x00000007ff400000| Untracked 
|2015|0x00000007ff600000, 0x00000007ff800000, 0x00000007ff800000|100%| O|  |TAMS 0x00000007ff600000| PB 0x00000007ff600000| Untracked 
|2016|0x00000007ff800000, 0x00000007ffa00000, 0x00000007ffa00000|100%| O|  |TAMS 0x00000007ff800000| PB 0x00000007ff800000| Untracked 
|2017|0x00000007ffa00000, 0x00000007ffc00000, 0x00000007ffc00000|100%| O|  |TAMS 0x00000007ffa00000| PB 0x00000007ffa00000| Untracked 
|2018|0x00000007ffc00000, 0x00000007ffe00000, 0x00000007ffe00000|100%| O|  |TAMS 0x00000007ffc00000| PB 0x00000007ffc00000| Untracked 
|2019|0x00000007ffe00000, 0x0000000800000000, 0x0000000800000000|100%| O|  |TAMS 0x00000007ffe00000| PB 0x00000007ffe00000| Untracked 

Card table byte_map: [0x00000151acf50000,0x00000151ad740000] _byte_map_base: 0x00000151a9734000

Marking Bits: (CMBitMap*) 0x00000151951b2240
 Bits: [0x00000151adf30000, 0x00000151b1e50000)

Polling page: 0x00000151930b0000

Metaspace:

Usage:
  Non-class:     35.16 MB used.
      Class:      4.42 MB used.
       Both:     39.57 MB used.

Virtual space:
  Non-class space:       64.00 MB reserved,      35.44 MB ( 55%) committed,  1 nodes.
      Class space:        1.00 GB reserved,       4.62 MB ( <1%) committed,  1 nodes.
             Both:        1.06 GB reserved,      40.06 MB (  4%) committed. 

Chunk freelists:
   Non-Class:  256.00 KB
       Class:  3.20 MB
        Both:  3.45 MB

MaxMetaspaceSize: unlimited
CompressedClassSpaceSize: 1.00 GB
Initial GC threshold: 21.00 MB
Current GC threshold: 57.44 MB
CDS: on
MetaspaceReclaimPolicy: balanced
 - commit_granule_bytes: 65536.
 - commit_granule_words: 8192.
 - virtual_space_node_default_size: 8388608.
 - enlarge_chunks_in_place: 1.
 - new_chunks_are_fully_committed: 0.
 - uncommit_free_chunks: 1.
 - use_allocation_guard: 0.


Internal statistics:

num_allocs_failed_limit: 6.
num_arena_births: 530.
num_arena_deaths: 6.
num_vsnodes_births: 2.
num_vsnodes_deaths: 0.
num_space_committed: 657.
num_space_uncommitted: 8.
num_chunks_returned_to_freelist: 101.
num_chunks_taken_from_freelist: 1969.
num_chunk_merges: 22.
num_chunk_splits: 1349.
num_chunks_enlarged: 1024.
num_inconsistent_stats: 0.

CodeHeap 'non-profiled nmethods': size=120000Kb used=5070Kb max_used=5567Kb free=114929Kb
 bounds [0x00000151a4ce0000, 0x00000151a5250000, 0x00000151ac210000]
CodeHeap 'profiled nmethods': size=120000Kb used=17707Kb max_used=19812Kb free=102292Kb
 bounds [0x000001519d210000, 0x000001519e570000, 0x00000151a4740000]
CodeHeap 'non-nmethods': size=5760Kb used=1617Kb max_used=1796Kb free=4143Kb
 bounds [0x00000151a4740000, 0x00000151a49b0000, 0x00000151a4ce0000]
 total_blobs=8914 nmethods=8297 adapters=526
 compilation: enabled
              stopped_count=0, restarted_count=0
 full_count=0

Compilation events (20 events):
Event: 11.477 Thread 0x00000151f9d3ea20 9302       3       sun.security.provider.MD5::HH (23 bytes)
Event: 11.477 Thread 0x00000151f9d3ea20 nmethod 9302 0x000001519d5c0990 code [0x000001519d5c0b20, 0x000001519d5c0c98]
Event: 11.477 Thread 0x00000151f9d3ea20 9303       3       sun.security.provider.MD5::II (25 bytes)
Event: 11.477 Thread 0x00000151f9d3ea20 nmethod 9303 0x000001519d74e010 code [0x000001519d74e1a0, 0x000001519d74e318]
Event: 11.477 Thread 0x00000151f9d3ea20 9299       3       sun.security.provider.SHA::implCompressCheck (18 bytes)
Event: 11.478 Thread 0x00000151f9d3ea20 nmethod 9299 0x000001519d369910 code [0x000001519d369ae0, 0x000001519d369e80]
Event: 11.481 Thread 0x00000151f9d3ea20 9304       3       jdk.internal.math.FDBigInteger::mult (64 bytes)
Event: 11.481 Thread 0x00000151f9d3ea20 nmethod 9304 0x000001519d6afb90 code [0x000001519d6afd40, 0x000001519d6affc8]
Event: 11.481 Thread 0x00000151f9d3ea20 9305       3       jdk.internal.math.FDBigInteger::<init> (30 bytes)
Event: 11.481 Thread 0x00000151f9d3ea20 nmethod 9305 0x000001519d7e2890 code [0x000001519d7e2a20, 0x000001519d7e2c30]
Event: 11.481 Thread 0x00000151f9d3ea20 9306       3       jdk.internal.math.FDBigInteger::trimLeadingZeros (57 bytes)
Event: 11.482 Thread 0x00000151f9d3ea20 nmethod 9306 0x000001519e0c1e10 code [0x000001519e0c1fa0, 0x000001519e0c2280]
Event: 11.482 Thread 0x00000151f9d3ea20 9307       3       java.util.stream.StreamSupport::intStream (14 bytes)
Event: 11.482 Thread 0x00000151f9d3ea20 nmethod 9307 0x000001519d505d10 code [0x000001519d505ec0, 0x000001519d506188]
Event: 11.482 Thread 0x00000151f9d3ea20 9308       3       java.util.stream.IntPipeline$Head::<init> (8 bytes)
Event: 11.482 Thread 0x00000151f9d3ea20 nmethod 9308 0x000001519d369510 code [0x000001519d3696a0, 0x000001519d369830]
Event: 11.484 Thread 0x00000151f9d3ea20 9309       3       java.lang.StringBuilder::append (10 bytes)
Event: 11.484 Thread 0x00000151f9d3ea20 nmethod 9309 0x000001519d46fe90 code [0x000001519d470020, 0x000001519d470168]
Event: 11.491 Thread 0x00000151f9d3ea20 9310       3       java.nio.ByteBuffer::<init> (47 bytes)
Event: 11.491 Thread 0x00000151f9d3ea20 nmethod 9310 0x000001519d46f990 code [0x000001519d46fb20, 0x000001519d46fd50]

GC Heap History (16 events):
Event: 1.227 GC heap before
{Heap before GC invocations=0 (full 0):
 garbage-first heap   total 260096K, used 22528K [0x0000000703800000, 0x0000000800000000)
  region size 2048K, 11 young (22528K), 0 survivors (0K)
 Metaspace       used 5541K, committed 5760K, reserved 1114112K
  class space    used 647K, committed 768K, reserved 1048576K
}
Event: 1.231 GC heap after
{Heap after GC invocations=1 (full 0):
 garbage-first heap   total 260096K, used 3877K [0x0000000703800000, 0x0000000800000000)
  region size 2048K, 2 young (4096K), 2 survivors (4096K)
 Metaspace       used 5541K, committed 5760K, reserved 1114112K
  class space    used 647K, committed 768K, reserved 1048576K
}
Event: 1.712 GC heap before
{Heap before GC invocations=1 (full 0):
 garbage-first heap   total 260096K, used 34597K [0x0000000703800000, 0x0000000800000000)
  region size 2048K, 18 young (36864K), 2 survivors (4096K)
 Metaspace       used 10012K, committed 10176K, reserved 1114112K
  class space    used 1188K, committed 1280K, reserved 1048576K
}
Event: 1.716 GC heap after
{Heap after GC invocations=2 (full 0):
 garbage-first heap   total 260096K, used 5485K [0x0000000703800000, 0x0000000800000000)
  region size 2048K, 1 young (2048K), 1 survivors (2048K)
 Metaspace       used 10012K, committed 10176K, reserved 1114112K
  class space    used 1188K, committed 1280K, reserved 1048576K
}
Event: 5.303 GC heap before
{Heap before GC invocations=2 (full 0):
 garbage-first heap   total 260096K, used 154989K [0x0000000703800000, 0x0000000800000000)
  region size 2048K, 74 young (151552K), 1 survivors (2048K)
 Metaspace       used 21197K, committed 21504K, reserved 1114112K
  class space    used 2439K, committed 2560K, reserved 1048576K
}
Event: 5.314 GC heap after
{Heap after GC invocations=3 (full 0):
 garbage-first heap   total 260096K, used 24329K [0x0000000703800000, 0x0000000800000000)
  region size 2048K, 9 young (18432K), 9 survivors (18432K)
 Metaspace       used 21197K, committed 21504K, reserved 1114112K
  class space    used 2439K, committed 2560K, reserved 1048576K
}
Event: 6.769 GC heap before
{Heap before GC invocations=4 (full 0):
 garbage-first heap   total 102400K, used 100105K [0x0000000703800000, 0x0000000800000000)
  region size 2048K, 46 young (94208K), 9 survivors (18432K)
 Metaspace       used 28248K, committed 28608K, reserved 1114112K
  class space    used 3169K, committed 3328K, reserved 1048576K
}
Event: 6.786 GC heap after
{Heap after GC invocations=5 (full 0):
 garbage-first heap   total 137216K, used 38969K [0x0000000703800000, 0x0000000800000000)
  region size 2048K, 9 young (18432K), 9 survivors (18432K)
 Metaspace       used 28248K, committed 28608K, reserved 1114112K
  class space    used 3169K, committed 3328K, reserved 1048576K
}
Event: 7.340 GC heap before
{Heap before GC invocations=5 (full 0):
 garbage-first heap   total 137216K, used 102457K [0x0000000703800000, 0x0000000800000000)
  region size 2048K, 40 young (81920K), 9 survivors (18432K)
 Metaspace       used 29673K, committed 30208K, reserved 1114112K
  class space    used 3306K, committed 3520K, reserved 1048576K
}
Event: 7.362 GC heap after
{Heap after GC invocations=6 (full 0):
 garbage-first heap   total 137216K, used 38425K [0x0000000703800000, 0x0000000800000000)
  region size 2048K, 1 young (2048K), 1 survivors (2048K)
 Metaspace       used 29673K, committed 30208K, reserved 1114112K
  class space    used 3306K, committed 3520K, reserved 1048576K
}
Event: 8.984 GC heap before
{Heap before GC invocations=6 (full 0):
 garbage-first heap   total 137216K, used 112153K [0x0000000703800000, 0x0000000800000000)
  region size 2048K, 36 young (73728K), 1 survivors (2048K)
 Metaspace       used 31607K, committed 32128K, reserved 1114112K
  class space    used 3538K, committed 3776K, reserved 1048576K
}
Event: 8.993 GC heap after
{Heap after GC invocations=7 (full 0):
 garbage-first heap   total 137216K, used 48110K [0x0000000703800000, 0x0000000800000000)
  region size 2048K, 5 young (10240K), 5 survivors (10240K)
 Metaspace       used 31607K, committed 32128K, reserved 1114112K
  class space    used 3538K, committed 3776K, reserved 1048576K
}
Event: 9.907 GC heap before
{Heap before GC invocations=7 (full 0):
 garbage-first heap   total 137216K, used 111598K [0x0000000703800000, 0x0000000800000000)
  region size 2048K, 36 young (73728K), 5 survivors (10240K)
 Metaspace       used 33044K, committed 33536K, reserved 1114112K
  class space    used 3703K, committed 3904K, reserved 1048576K
}
Event: 9.912 GC heap after
{Heap after GC invocations=8 (full 0):
 garbage-first heap   total 137216K, used 48211K [0x0000000703800000, 0x0000000800000000)
  region size 2048K, 3 young (6144K), 3 survivors (6144K)
 Metaspace       used 33044K, committed 33536K, reserved 1114112K
  class space    used 3703K, committed 3904K, reserved 1048576K
}
Event: 10.561 GC heap before
{Heap before GC invocations=8 (full 0):
 garbage-first heap   total 137216K, used 83027K [0x0000000703800000, 0x0000000800000000)
  region size 2048K, 21 young (43008K), 3 survivors (6144K)
 Metaspace       used 35565K, committed 36096K, reserved 1114112K
  class space    used 3930K, committed 4160K, reserved 1048576K
}
Event: 10.563 GC heap after
{Heap after GC invocations=9 (full 0):
 garbage-first heap   total 137216K, used 45373K [0x0000000703800000, 0x0000000800000000)
  region size 2048K, 2 young (4096K), 2 survivors (4096K)
 Metaspace       used 35565K, committed 36096K, reserved 1114112K
  class space    used 3930K, committed 4160K, reserved 1048576K
}

Dll operation events (10 events):
Event: 0.008 Loaded shared library C:\Program Files\Java\jdk-20\bin\java.dll
Event: 0.031 Loaded shared library C:\Program Files\Java\jdk-20\bin\jsvml.dll
Event: 0.061 Loaded shared library C:\Program Files\Java\jdk-20\bin\net.dll
Event: 0.065 Loaded shared library C:\Program Files\Java\jdk-20\bin\nio.dll
Event: 0.081 Loaded shared library C:\Program Files\Java\jdk-20\bin\zip.dll
Event: 0.818 Loaded shared library C:\Program Files\Java\jdk-20\bin\jimage.dll
Event: 0.825 Loaded shared library C:\Program Files\apache-maven- 3.9.9-bin\apache-maven-3.9.9\lib\jansi-native\Windows\x86_64\jansi.dll
Event: 0.844 Loaded shared library C:\Program Files\Java\jdk-20\bin\verify.dll
Event: 10.890 Loaded shared library C:\Program Files\Java\jdk-20\bin\extnet.dll
Event: 10.980 Loaded shared library C:\Program Files\Java\jdk-20\bin\sunmscapi.dll

Deoptimization events (20 events):
Event: 11.371 Thread 0x0000015195141960 DEOPT PACKING pc=0x00000151a4e184a0 sp=0x0000004ab90fac10
Event: 11.371 Thread 0x0000015195141960 DEOPT UNPACKING pc=0x00000151a47a9d22 sp=0x0000004ab90fab50 mode 2
Event: 11.371 Thread 0x0000015195141960 Uncommon trap: trap_request=0xffffffc6 fr.pc=0x00000151a4e184a0 relative=0x00000000000003e0
Event: 11.371 Thread 0x0000015195141960 Uncommon trap: reason=bimorphic_or_optimized_type_check action=maybe_recompile pc=0x00000151a4e184a0 method=sun.security.util.math.intpoly.IntegerPolynomial.multByInt([JJ)V @ 26 c2
Event: 11.371 Thread 0x0000015195141960 DEOPT PACKING pc=0x00000151a4e184a0 sp=0x0000004ab90fac10
Event: 11.371 Thread 0x0000015195141960 DEOPT UNPACKING pc=0x00000151a47a9d22 sp=0x0000004ab90fab50 mode 2
Event: 11.371 Thread 0x0000015195141960 Uncommon trap: trap_request=0xffffffc6 fr.pc=0x00000151a4e184a0 relative=0x00000000000003e0
Event: 11.371 Thread 0x0000015195141960 Uncommon trap: reason=bimorphic_or_optimized_type_check action=maybe_recompile pc=0x00000151a4e184a0 method=sun.security.util.math.intpoly.IntegerPolynomial.multByInt([JJ)V @ 26 c2
Event: 11.371 Thread 0x0000015195141960 DEOPT PACKING pc=0x00000151a4e184a0 sp=0x0000004ab90fac10
Event: 11.371 Thread 0x0000015195141960 DEOPT UNPACKING pc=0x00000151a47a9d22 sp=0x0000004ab90fab50 mode 2
Event: 11.371 Thread 0x0000015195141960 Uncommon trap: trap_request=0xffffffc6 fr.pc=0x00000151a4ec15d4 relative=0x00000000000003b4
Event: 11.371 Thread 0x0000015195141960 Uncommon trap: reason=bimorphic_or_optimized_type_check action=maybe_recompile pc=0x00000151a4ec15d4 method=sun.security.util.math.intpoly.IntegerPolynomial.multByInt([JJ)V @ 26 c2
Event: 11.371 Thread 0x0000015195141960 DEOPT PACKING pc=0x00000151a4ec15d4 sp=0x0000004ab90fab70
Event: 11.371 Thread 0x0000015195141960 DEOPT UNPACKING pc=0x00000151a47a9d22 sp=0x0000004ab90fab50 mode 2
Event: 11.389 Thread 0x0000015195141960 Uncommon trap: trap_request=0xffffff45 fr.pc=0x00000151a4fe465c relative=0x00000000000000dc
Event: 11.389 Thread 0x0000015195141960 Uncommon trap: reason=unstable_if action=reinterpret pc=0x00000151a4fe465c method=java.time.LocalDate.create(III)Ljava/time/LocalDate; @ 7 c2
Event: 11.389 Thread 0x0000015195141960 DEOPT PACKING pc=0x00000151a4fe465c sp=0x0000004ab90faa00
Event: 11.389 Thread 0x0000015195141960 DEOPT UNPACKING pc=0x00000151a47a9d22 sp=0x0000004ab90fa998 mode 2
Event: 11.468 Thread 0x0000015195141960 DEOPT PACKING pc=0x000001519d431f91 sp=0x0000004ab90f9160
Event: 11.468 Thread 0x0000015195141960 DEOPT UNPACKING pc=0x00000151a47aa4c2 sp=0x0000004ab90f8670 mode 0

Classes loaded (20 events):
Event: 11.464 Loading class sun/security/ssl/NewSessionTicket$T13NewSessionTicketMessage
Event: 11.464 Loading class sun/security/ssl/NewSessionTicket$NewSessionTicketMessage
Event: 11.464 Loading class sun/security/ssl/NewSessionTicket$NewSessionTicketMessage done
Event: 11.464 Loading class sun/security/ssl/NewSessionTicket$T13NewSessionTicketMessage done
Event: 11.475 Loading class java/util/zip/CheckedInputStream
Event: 11.476 Loading class java/util/zip/CheckedInputStream done
Event: 11.476 Loading class sun/security/provider/ByteArrayAccess$LE
Event: 11.476 Loading class sun/security/provider/ByteArrayAccess$LE done
Event: 11.477 Loading class java/io/SequenceInputStream
Event: 11.477 Loading class java/io/SequenceInputStream done
Event: 11.477 Loading class java/util/zip/GZIPInputStream$1
Event: 11.477 Loading class java/util/zip/GZIPInputStream$1 done
Event: 11.480 Loading class jdk/internal/math/FDBigInteger
Event: 11.480 Loading class jdk/internal/math/FDBigInteger done
Event: 11.481 Loading class java/text/DigitList$1
Event: 11.481 Loading class java/text/DigitList$1 done
Event: 11.483 Loading class java/text/ParsePosition
Event: 11.483 Loading class java/text/ParsePosition done
Event: 11.484 Loading class java/text/CalendarBuilder
Event: 11.484 Loading class java/text/CalendarBuilder done

Classes unloaded (20 events):
Event: 10.577 Thread 0x00000151b2037fc0 Unloading class 0x00000151b5f2e7d0 'lombok/javac/apt/MessagerDiagnosticsReceiver'
Event: 10.577 Thread 0x00000151b2037fc0 Unloading class 0x00000151b5f2e410 'lombok/javac/apt/InterceptingJavaFileManager'
Event: 10.577 Thread 0x00000151b2037fc0 Unloading class 0x00000151b5f2e210 'lombok/permit/dummy/Parent'
Event: 10.577 Thread 0x00000151b2037fc0 Unloading class 0x00000151b5f2e000 'lombok/core/CleanupRegistry'
Event: 10.577 Thread 0x00000151b2037fc0 Unloading class 0x00000151b5f2ddb0 'lombok/permit/Permit$Fake'
Event: 10.577 Thread 0x00000151b2037fc0 Unloading class 0x00000151b5f2dbb8 'lombok/permit/Permit'
Event: 10.577 Thread 0x00000151b2037fc0 Unloading class 0x00000151b5f2d8d8 'lombok/javac/apt/LombokProcessor$1'
Event: 10.577 Thread 0x00000151b2037fc0 Unloading class 0x00000151b5f2d6e8 'lombok/core/DiagnosticsReceiver'
Event: 10.577 Thread 0x00000151b2037fc0 Unloading class 0x00000151b5f2d458 'lombok/javac/apt/LombokProcessor'
Event: 10.577 Thread 0x00000151b2037fc0 Unloading class 0x00000151b5f2d230 'lombok/core/AnnotationProcessor$EcjDescriptor'
Event: 10.577 Thread 0x00000151b2037fc0 Unloading class 0x00000151b5f2d000 'lombok/core/AnnotationProcessor$JavacDescriptor'
Event: 10.577 Thread 0x00000151b2037fc0 Unloading class 0x00000151b5f2ca78 'lombok/core/AnnotationProcessor$ProcessorDescriptor'
Event: 10.577 Thread 0x00000151b2037fc0 Unloading class 0x00000151b5f2c800 'lombok/core/AnnotationProcessor'
Event: 10.577 Thread 0x00000151b2037fc0 Unloading class 0x00000151b5f7b000 'lombok/launch/AnnotationProcessorHider$ClaimingProcessor'
Event: 10.577 Thread 0x00000151b2037fc0 Unloading class 0x00000151b5f2c488 'lombok/launch/AnnotationProcessorHider$AstModificationNotifierData'
Event: 10.577 Thread 0x00000151b2037fc0 Unloading class 0x00000151b5f2c210 'lombok/launch/ClassFileMetaData'
Event: 10.577 Thread 0x00000151b2037fc0 Unloading class 0x00000151b5f2c000 'lombok/launch/PackageShader'
Event: 10.577 Thread 0x00000151b2037fc0 Unloading class 0x00000151b5f08470 'lombok/launch/ShadowClassLoader'
Event: 10.577 Thread 0x00000151b2037fc0 Unloading class 0x00000151b5f08278 'lombok/launch/Main'
Event: 10.577 Thread 0x00000151b2037fc0 Unloading class 0x00000151b5f08000 'lombok/launch/AnnotationProcessorHider$AnnotationProcessor'

Classes redefined (0 events):
No events

Internal exceptions (20 events):
Event: 9.810 Thread 0x0000015195141960 Exception <a 'sun/nio/fs/WindowsException'{0x00000007073fedc0}> (0x00000007073fedc0) 
thrown [s\open\src\hotspot\share\prims\jni.cpp, line 519]
Event: 9.810 Thread 0x0000015195141960 Exception <a 'sun/nio/fs/WindowsException'{0x00000007073ff390}> (0x00000007073ff390) 
thrown [s\open\src\hotspot\share\prims\jni.cpp, line 519]
Event: 9.810 Thread 0x0000015195141960 Exception <a 'sun/nio/fs/WindowsException'{0x00000007073ffad8}> (0x00000007073ffad8) 
thrown [s\open\src\hotspot\share\prims\jni.cpp, line 519]
Event: 9.810 Thread 0x0000015195141960 Exception <a 'sun/nio/fs/WindowsException'{0x0000000707000530}> (0x0000000707000530) 
thrown [s\open\src\hotspot\share\prims\jni.cpp, line 519]
Event: 9.913 Thread 0x0000015195141960 Implicit null exception at 0x00000151a4f492c6 to 0x00000151a4f4d5dc
Event: 9.914 Thread 0x0000015195141960 Implicit null exception at 0x00000151a4f3de26 to 0x00000151a4f3f1a4
Event: 10.382 Thread 0x00000151fb512b10 Exception <a 'java/lang/NoSuchMethodError'{0x0000000709038718}: 'java.lang.Object java.lang.invoke.DirectMethodHandle$Holder.invokeStatic(java.lang.Object, long, java.lang.Object)'> (0x0000000709038718) 
thrown [s\open\src\hotspot\share\interpreter\linkResolver.cpp, line 773]
Event: 10.382 Thread 0x00000151fb512b10 Exception <a 'java/lang/NoSuchMethodError'{0x000000070903bac0}: 'java.lang.Object java.lang.invoke.DirectMethodHandle$Holder.invokeStaticInit(java.lang.Object, long, java.lang.Object)'> (0x000000070903bac0) 
thrown [s\open\src\hotspot\share\interpreter\linkResolver.cpp, line 773]
Event: 10.383 Thread 0x00000151fb512b10 Exception <a 'java/lang/NoSuchMethodError'{0x0000000709041440}: 'java.lang.Object java.lang.invoke.DirectMethodHandle$Holder.newInvokeSpecial(java.lang.Object, long)'> (0x0000000709041440) 
thrown [s\open\src\hotspot\share\interpreter\linkResolver.cpp, line 773]
Event: 10.386 Thread 0x00000151fb512b10 Exception <a 'java/lang/NoSuchMethodError'{0x00000007090458a0}: 'long java.lang.invoke.DirectMethodHandle$Holder.invokeInterface(java.lang.Object, java.lang.Object)'> (0x00000007090458a0) 
thrown [s\open\src\hotspot\share\interpreter\linkResolver.cpp, line 773]
Event: 10.386 Thread 0x00000151fb512b10 Exception <a 'java/lang/NoSuchMethodError'{0x0000000709048d58}: 'long java.lang.invoke.DelegatingMethodHandle$Holder.reinvoke_L(java.lang.Object, java.lang.Object)'> (0x0000000709048d58) 
thrown [s\open\src\hotspot\share\interpreter\linkResolver.cpp, line 773]
Event: 10.480 Thread 0x0000015195141960 Exception <a 'java/lang/NoSuchMethodError'{0x0000000708fe5500}: 'java.lang.Object java.lang.invoke.DirectMethodHandle$Holder.invokeStaticInit(java.lang.Object, java.lang.Object, int, int, int, int)'> (0x0000000708fe5500) 
thrown [s\open\src\hotspot\share\interpreter\linkResolver.cpp, line 773]
Event: 10.503 Thread 0x0000015195141960 Exception <a 'sun/nio/fs/WindowsException'{0x0000000708d5ebc8}> (0x0000000708d5ebc8) 
thrown [s\open\src\hotspot\share\prims\jni.cpp, line 519]
Event: 10.503 Thread 0x0000015195141960 Exception <a 'sun/nio/fs/WindowsException'{0x0000000708d5f008}> (0x0000000708d5f008) 
thrown [s\open\src\hotspot\share\prims\jni.cpp, line 519]
Event: 10.560 Thread 0x0000015195141960 Exception <a 'sun/nio/fs/WindowsException'{0x0000000708b0ab10}> (0x0000000708b0ab10) 
thrown [s\open\src\hotspot\share\prims\jni.cpp, line 519]
Event: 10.746 Thread 0x0000015195141960 Exception <a 'java/lang/NoSuchMethodError'{0x000000070a59f208}: 'void java.lang.invoke.DirectMethodHandle$Holder.invokeInterface(java.lang.Object, java.lang.Object)'> (0x000000070a59f208) 
thrown [s\open\src\hotspot\share\interpreter\linkResolver.cpp, line 773]
Event: 10.753 Thread 0x0000015195141960 Exception <a 'sun/nio/fs/WindowsException'{0x000000070a5ef7e8}> (0x000000070a5ef7e8) 
thrown [s\open\src\hotspot\share\prims\jni.cpp, line 519]
Event: 10.753 Thread 0x0000015195141960 Exception <a 'sun/nio/fs/WindowsException'{0x000000070a5eff08}> (0x000000070a5eff08) 
thrown [s\open\src\hotspot\share\prims\jni.cpp, line 519]
Event: 11.474 Thread 0x0000015195141960 Exception <a 'sun/nio/fs/WindowsException'{0x0000000709f599c8}> (0x0000000709f599c8) 
thrown [s\open\src\hotspot\share\prims\jni.cpp, line 519]
Event: 11.487 Thread 0x0000015195141960 Exception <a 'sun/nio/fs/WindowsException'{0x0000000709f93b20}> (0x0000000709f93b20) 
thrown [s\open\src\hotspot\share\prims\jni.cpp, line 519]

VM Operations (20 events):
Event: 10.561 Executing VM operation: CollectForMetadataAllocation
Event: 10.564 Executing VM operation: CollectForMetadataAllocation done
Event: 10.565 Executing VM operation: HandshakeAllThreads
Event: 10.565 Executing VM operation: HandshakeAllThreads done
Event: 10.575 Executing VM operation: G1PauseRemark
Event: 10.588 Executing VM operation: G1PauseRemark done
Event: 10.594 Executing VM operation: G1PauseCleanup
Event: 10.594 Executing VM operation: G1PauseCleanup done
Event: 10.630 Executing VM operation: HandshakeAllThreads
Event: 10.630 Executing VM operation: HandshakeAllThreads done
Event: 10.648 Executing VM operation: HandshakeAllThreads
Event: 10.648 Executing VM operation: HandshakeAllThreads done
Event: 10.763 Executing VM operation: HandshakeAllThreads
Event: 10.763 Executing VM operation: HandshakeAllThreads done
Event: 10.764 Executing VM operation: HandshakeAllThreads
Event: 10.764 Executing VM operation: HandshakeAllThreads done
Event: 10.880 Executing VM operation: HandshakeAllThreads
Event: 10.880 Executing VM operation: HandshakeAllThreads done
Event: 11.028 Executing VM operation: HandshakeAllThreads
Event: 11.028 Executing VM operation: HandshakeAllThreads done

Events (20 events):
Event: 10.587 Thread 0x00000151b2037fc0 flushing nmethod 0x00000151a4d28090
Event: 10.587 Thread 0x00000151b2037fc0 flushing nmethod 0x00000151a4d19790
Event: 10.587 Thread 0x00000151b2037fc0 flushing nmethod 0x00000151a4d22390
Event: 10.587 Thread 0x00000151b2037fc0 flushing nmethod 0x00000151a4d0c490
Event: 10.587 Thread 0x00000151b2037fc0 flushing nmethod 0x00000151a4d12d10
Event: 10.587 Thread 0x00000151b2037fc0 flushing nmethod 0x00000151a4d11110
Event: 10.587 Thread 0x00000151b2037fc0 flushing nmethod 0x00000151a4d0ea10
Event: 10.587 Thread 0x00000151b2037fc0 flushing nmethod 0x00000151a4d09310
Event: 10.587 Thread 0x00000151b2037fc0 flushing nmethod 0x00000151a4d0c810
Event: 10.587 Thread 0x00000151b2037fc0 flushing nmethod 0x00000151a4d06910
Event: 10.587 Thread 0x00000151b2037fc0 flushing nmethod 0x00000151a4d05a90
Event: 10.587 Thread 0x00000151b2037fc0 flushing nmethod 0x00000151a4cfeb10
Event: 10.587 Thread 0x00000151b2037fc0 flushing nmethod 0x00000151a4ceb910
Event: 10.587 Thread 0x00000151b2037fc0 flushing nmethod 0x00000151a4ceac90
Event: 10.587 Thread 0x00000151b2037fc0 flushing nmethod 0x00000151a4cea410
Event: 10.587 Thread 0x00000151b2037fc0 flushing nmethod 0x00000151a4ce7810
Event: 10.587 Thread 0x00000151b2037fc0 flushing nmethod 0x00000151a4ce0610
Event: 10.773 Thread 0x00000151fb20f1e0 Thread added: 0x00000151fb20f1e0
Event: 11.311 Thread 0x00000151fb20f1e0 Thread exited: 0x00000151fb20f1e0
Event: 11.383 Thread 0x00000151fb20f1e0 Thread added: 0x00000151fb20f1e0


Dynamic libraries:
0x00007ff64ff70000 - 0x00007ff64ff80000 	C:\Program Files\Java\jdk-20\bin\java.exe
0x00007ffb61e40000 - 0x00007ffb620a6000 	C:\WINDOWS\SYSTEM32\ntdll.dll
0x00007ffb600b0000 - 0x00007ffb60179000 	C:\WINDOWS\System32\KERNEL32.DLL
0x00007ffb5f450000 - 0x00007ffb5f84a000 	C:\WINDOWS\System32\KERNELBASE.dll
0x00007ffb5fa60000 - 0x00007ffb5fbac000 	C:\WINDOWS\System32\ucrtbase.dll
0x00007ffb32be0000 - 0x00007ffb32bf9000 	C:\Program Files\Java\jdk-20\bin\jli.dll
0x00007ffb2f630000 - 0x00007ffb2f64b000 	C:\Program Files\Java\jdk-20\bin\VCRUNTIME140.dll
0x00007ffb61750000 - 0x00007ffb61806000 	C:\WINDOWS\System32\ADVAPI32.dll
0x00007ffb61820000 - 0x00007ffb618c9000 	C:\WINDOWS\System32\msvcrt.dll
0x00007ffb60b50000 - 0x00007ffb60bfa000 	C:\WINDOWS\System32\sechost.dll
0x00007ffb61ce0000 - 0x00007ffb61df8000 	C:\WINDOWS\System32\RPCRT4.dll
0x00007ffb60de0000 - 0x00007ffb60fa7000 	C:\WINDOWS\System32\USER32.dll
0x00007ffb5f360000 - 0x00007ffb5f387000 	C:\WINDOWS\System32\win32u.dll
0x00007ffb3d710000 - 0x00007ffb3d9a2000 	C:\WINDOWS\WinSxS\amd64_microsoft.windows.common-controls_6595b64144ccf1df_6.0.26100.8521_none_3e08b75ce33403b3\COMCTL32.dll
0x00007ffb61720000 - 0x00007ffb6174b000 	C:\WINDOWS\System32\GDI32.dll
0x00007ffb5f0d0000 - 0x00007ffb5f1fb000 	C:\WINDOWS\System32\gdi32full.dll
0x00007ffb5f200000 - 0x00007ffb5f2a3000 	C:\WINDOWS\System32\msvcp_win.dll
0x00007ffb529d0000 - 0x00007ffb529db000 	C:\WINDOWS\SYSTEM32\VERSION.dll
0x00007ffb61540000 - 0x00007ffb61572000 	C:\WINDOWS\System32\IMM32.DLL
0x00007ffb352d0000 - 0x00007ffb352dc000 	C:\Program Files\Java\jdk-20\bin\vcruntime140_1.dll
0x00007ffb2e580000 - 0x00007ffb2e60e000 	C:\Program Files\Java\jdk-20\bin\msvcp140.dll
0x00007ffb2a540000 - 0x00007ffb2b1d8000 	C:\Program Files\Java\jdk-20\bin\server\jvm.dll
0x00007ffb35910000 - 0x00007ffb3591a000 	C:\WINDOWS\SYSTEM32\WSOCK32.dll
0x00007ffb50cb0000 - 0x00007ffb50ce6000 	C:\WINDOWS\SYSTEM32\WINMM.dll
0x00007ffb60c00000 - 0x00007ffb60c80000 	C:\WINDOWS\System32\WS2_32.dll
0x00007ffb5df80000 - 0x00007ffb5df9b000 	C:\WINDOWS\SYSTEM32\kernel.appcore.dll
0x00007ffb2e570000 - 0x00007ffb2e57a000 	C:\Program Files\Java\jdk-20\bin\jimage.dll
0x00007ffb5c730000 - 0x00007ffb5c972000 	C:\WINDOWS\SYSTEM32\DBGHELP.DLL
0x00007ffb61950000 - 0x00007ffb61cd3000 	C:\WINDOWS\System32\combase.dll
0x00007ffb60c90000 - 0x00007ffb60d69000 	C:\WINDOWS\System32\OLEAUT32.dll
0x00007ffb2e510000 - 0x00007ffb2e54b000 	C:\WINDOWS\SYSTEM32\dbgcore.DLL
0x00007ffb5f2b0000 - 0x00007ffb5f358000 	C:\WINDOWS\System32\bcryptPrimitives.dll
0x00007ffb2e430000 - 0x00007ffb2e456000 	C:\Program Files\Java\jdk-20\bin\java.dll
0x00007ffb2e350000 - 0x00007ffb2e427000 	C:\Program Files\Java\jdk-20\bin\jsvml.dll
0x00007ffb603c0000 - 0x00007ffb60b44000 	C:\WINDOWS\System32\SHELL32.dll
0x00007ffb5cc20000 - 0x00007ffb5d4a0000 	C:\WINDOWS\SYSTEM32\windows.storage.dll
0x00007ffb60240000 - 0x00007ffb60336000 	C:\WINDOWS\System32\SHCORE.dll
0x00007ffb60d70000 - 0x00007ffb60dd7000 	C:\WINDOWS\System32\shlwapi.dll
0x00007ffb5eff0000 - 0x00007ffb5f019000 	C:\WINDOWS\SYSTEM32\profapi.dll
0x00007ffb53df0000 - 0x00007ffb53e03000 	C:\Program Files\Java\jdk-20\bin\net.dll
0x00007ffb52f10000 - 0x00007ffb53039000 	C:\WINDOWS\SYSTEM32\WINHTTP.dll
0x00007ffb5e4f0000 - 0x00007ffb5e55c000 	C:\WINDOWS\system32\mswsock.dll
0x00007ffb53dd0000 - 0x00007ffb53de6000 	C:\Program Files\Java\jdk-20\bin\nio.dll
0x00007ffb53db0000 - 0x00007ffb53dc8000 	C:\Program Files\Java\jdk-20\bin\zip.dll
0x00007ffb392d0000 - 0x00007ffb392f4000 	C:\Program Files\apache-maven- 3.9.9-bin\apache-maven-3.9.9\lib\jansi-native\Windows\x86_64\jansi.dll
0x00007ffb2d1d0000 - 0x00007ffb2d1e0000 	C:\Program Files\Java\jdk-20\bin\verify.dll
0x00007ffb5e7d0000 - 0x00007ffb5e7eb000 	C:\WINDOWS\SYSTEM32\CRYPTSP.dll
0x00007ffb5de50000 - 0x00007ffb5de89000 	C:\WINDOWS\system32\rsaenh.dll
0x00007ffb5e5a0000 - 0x00007ffb5e5d3000 	C:\WINDOWS\SYSTEM32\USERENV.dll
0x00007ffb5efc0000 - 0x00007ffb5efea000 	C:\WINDOWS\SYSTEM32\bcrypt.dll
0x00007ffb5e7f0000 - 0x00007ffb5e7fc000 	C:\WINDOWS\SYSTEM32\CRYPTBASE.dll
0x00007ffb5d7e0000 - 0x00007ffb5d813000 	C:\WINDOWS\SYSTEM32\IPHLPAPI.DLL
0x00007ffb61920000 - 0x00007ffb6192a000 	C:\WINDOWS\System32\NSI.dll
0x00007ffb54790000 - 0x00007ffb547ad000 	C:\WINDOWS\SYSTEM32\dhcpcsvc6.DLL
0x00007ffb54700000 - 0x00007ffb54725000 	C:\WINDOWS\SYSTEM32\dhcpcsvc.DLL
0x00007ffb5d870000 - 0x00007ffb5d9ba000 	C:\WINDOWS\SYSTEM32\DNSAPI.dll
0x00007ffb5e2f0000 - 0x00007ffb5e2fd000 	C:\WINDOWS\SYSTEM32\DSPARSE.dll
0x00007ffb529c0000 - 0x00007ffb529cb000 	C:\Windows\System32\rasadhlp.dll
0x00007ffb54970000 - 0x00007ffb549f6000 	C:\WINDOWS\System32\fwpuclnt.dll
0x00007ffb4f820000 - 0x00007ffb4f827000 	C:\Program Files\Java\jdk-20\bin\extnet.dll
0x00007ffb52590000 - 0x00007ffb5259e000 	C:\Program Files\Java\jdk-20\bin\sunmscapi.dll
0x00007ffb5f8e0000 - 0x00007ffb5fa58000 	C:\WINDOWS\System32\CRYPT32.dll
0x00007ffb5e9f0000 - 0x00007ffb5ea20000 	C:\WINDOWS\SYSTEM32\ncrypt.dll
0x00007ffb5e9a0000 - 0x00007ffb5e9df000 	C:\WINDOWS\SYSTEM32\NTASN1.dll

dbghelp: loaded successfully - version: 4.0.5 - missing functions: none
symbol engine: initialized successfully - sym options: 0x614 - pdb path: .;C:\Program Files\Java\jdk-20\bin;C:\WINDOWS\SYSTEM32;C:\WINDOWS\WinSxS\amd64_microsoft.windows.common-controls_6595b64144ccf1df_6.0.26100.8521_none_3e08b75ce33403b3;C:\Program Files\Java\jdk-20\bin\server;C:\Program Files\apache-maven- 3.9.9-bin\apache-maven-3.9.9\lib\jansi-native\Windows\x86_64

VM Arguments:
jvm_args: -Dclassworlds.conf=C:\Program Files\apache-maven- 3.9.9-bin\apache-maven-3.9.9\bin\m2.conf -Dmaven.home=C:\Program Files\apache-maven- 3.9.9-bin\apache-maven-3.9.9 -Dlibrary.jansi.path=C:\Program Files\apache-maven- 3.9.9-bin\apache-maven-3.9.9\lib\jansi-native -Dmaven.multiModuleProjectDirectory=C:\Users\DELL\Downloads\asset-management\asset-management 
java_command: org.codehaus.plexus.classworlds.launcher.Launcher clean package
java_class_path (initial): C:\Program Files\apache-maven- 3.9.9-bin\apache-maven-3.9.9\boot\plexus-classworlds-2.8.0.jar
Launcher Type: SUN_STANDARD

[Global flags]
     intx CICompilerCount                          = 4                                         {product} {ergonomic}
     uint ConcGCThreads                            = 3                                         {product} {ergonomic}
     uint G1ConcRefinementThreads                  = 10                                        {product} {ergonomic}
   size_t G1HeapRegionSize                         = 2097152                                   {product} {ergonomic}
    uintx GCDrainStackTargetSize                   = 64                                        {product} {ergonomic}
   size_t InitialHeapSize                          = 266338304                                 {product} {ergonomic}
   size_t MarkStackSize                            = 4194304                                   {product} {ergonomic}
   size_t MaxHeapSize                              = 4236247040                                {product} {ergonomic}
   size_t MaxNewSize                               = 2541748224                                {product} {ergonomic}
   size_t MinHeapDeltaBytes                        = 2097152                                   {product} {ergonomic}
   size_t MinHeapSize                              = 8388608                                   {product} {ergonomic}
    uintx NonNMethodCodeHeapSize                   = 5839372                                {pd product} {ergonomic}
    uintx NonProfiledCodeHeapSize                  = 122909434                              {pd product} {ergonomic}
    uintx ProfiledCodeHeapSize                     = 122909434                              {pd product} {ergonomic}
    uintx ReservedCodeCacheSize                    = 251658240                              {pd product} {ergonomic}
     bool SegmentedCodeCache                       = true                                      {product} {ergonomic}
   size_t SoftMaxHeapSize                          = 4236247040                             {manageable} {ergonomic}
     bool UseCompressedClassPointers               = true                           {product lp64_product} {ergonomic}
     bool UseCompressedOops                        = true                           {product lp64_product} {ergonomic}
     bool UseG1GC                                  = true                                      {product} {ergonomic}
     bool UseLargePagesIndividualAllocation        = false                                  {pd product} {ergonomic}

Logging:
Log output configuration:
 #0: stdout all=warning uptime,level,tags foldmultilines=false
 #1: stderr all=off uptime,level,tags foldmultilines=false

Environment Variables:
JAVA_HOME=C:\Program Files\Java\jdk-20
PATH=C:\Program Files\Common Files\Oracle\Java\javapath;C:\python3.7\Scripts\;C:\python3.7\;C:\oraclexe\app\oracle\product\10.2.0\server\bin;C:\Program Files (x86)\Common Files\Oracle\Java\javapath;C:\Windows\system32;C:\Windows;C:\Windows\System32\Wbem;C:\Windows\System32\WindowsPowerShell\v1.0\;C:\Windows\System32\OpenSSH\;C:\Program Files (x86)\NVIDIA Corporation\PhysX\Common;C:\Program Files\NVIDIA Corporation\NVIDIA NvDLISR;C:\Program Files\dotnet\;C:\WINDOWS\system32;C:\WINDOWS;C:\WINDOWS\System32\Wbem;C:\WINDOWS\System32\WindowsPowerShell\v1.0\;C:\WINDOWS\System32\OpenSSH\;C:\Users\DELL\Downloads\mingw32\bin;C:\sqlite-tools-win-x64-3470200;C:\sqlite3;C:\Program Files\Git\cmd;C:\Program Files\apache-maven- 3.9.9-bin\apache-maven-3.9.9\bin;C:\Program Files\nodejs\;C:\Program Files\PostgreSQL\17\bin;C:\Program Files\Java\jdk-20\bin;C:\Program Files\openjdk-13+33_windows-x64_bin\jdk-13\bin;;C:\ProgramData\chocolatey\bin;C:\Program Files\Microsoft\Web Platform Installer\;C:\Program Files (x86)\Microsoft ASP.NET\ASP.NET Web Pages\v1.0\;C:\Program Files (x86)\Windows Kits\8.0\Windows Performance Toolkit\;C:\Program Files\Microsoft SQL Server\110\Tools\Binn\;C:\Program Files (x86)\Windows Kits\10\Windows Performance Toolkit\;C:\Users\DELL\AppData\Local\Microsoft\WindowsApps;C:\Users\DELL\AppData\Local\Programs\Microsoft VS Code\bin;C:\Users\DELL\Downloads\mingw32\bin;C:\Program Files\JetBrains\IntelliJ IDEA Community Edition 2024.1.1\bin;;C:\Users\DELL\AppData\Roaming\npm;C:\Program Files\apache-maven- 3.9.9-bin\apache-maven-3.9.9\bin;C:\Program Files\Apache Software Foundation\Tomcat 11.0\bin;C:\Program Files\Java\jdk-20;C:\Program Files\openjdk-13+33_windows-x64_bin\jdk-13\bin;C:\Program Files\JetBrains\IntelliJ IDEA 2025.3.2\bin
USERNAME=DELL
OS=Windows_NT
PROCESSOR_IDENTIFIER=Intel64 Family 6 Model 165 Stepping 2, GenuineIntel
TMP=C:\Users\DELL\AppData\Local\Temp
TEMP=C:\Users\DELL\AppData\Local\Temp




---------------  S Y S T E M  ---------------

OS:
 Windows 11 , 64 bit Build 26100 (10.0.26100.8521)
OS uptime: 0 days 0:39 hours
Hyper-V role detected

CPU: total 12 (initial active 12) (6 cores per cpu, 2 threads per core) family 6 model 165 stepping 2 microcode 0x100, cx8, cmov, fxsr, ht, mmx, 3dnowpref, sse, sse2, sse3, ssse3, sse4.1, sse4.2, popcnt, lzcnt, tsc, tscinvbit, avx, avx2, aes, erms, clmul, bmi1, bmi2, adx, fma, vzeroupper, clflush, clflushopt, hv, rdtscp, f16c

Memory: 4k page, system-wide physical 16159M (1623M free)
TotalPageFile size 20221M (AvailPageFile size 5M)
current process WorkingSet (physical memory assigned to process): 388M, peak: 388M
current process commit charge ("private bytes"): 420M, peak: 421M

vm_info: Java HotSpot(TM) 64-Bit Server VM (20.0.2+9-78) for windows-amd64 JRE (20.0.2+9-78), built on 2023-06-14T10:08:48Z by "mach5one" with MS VC++ 17.1 (VS2022)

END.
